        -:    0:Source:dominion.c
        -:    0:Graph:dominion.gcno
        -:    0:Data:dominion.gcda
        -:    0:Runs:1
        -:    0:Programs:1
        -:    1:#include "dominion.h"
        -:    2:#include "dominion_helpers.h"
        -:    3:#include "rngs.h"
        -:    4:#include <stdio.h>
        -:    5:#include <math.h>
        -:    6:#include <stdlib.h>
        -:    7:
function compare called 308 returned 100% blocks executed 100%
        -:    8:int compare(const void* a, const void* b) {
      308:    9:  if (*(int*)a > *(int*)b)
      308:    9-block  0
branch  0 taken 2%
branch  1 taken 98%
        6:   10:    return 1;
        6:   10-block  0
      302:   11:  if (*(int*)a < *(int*)b)
      302:   11-block  0
branch  0 taken 35%
branch  1 taken 65%
      107:   12:    return -1;
      107:   12-block  0
      195:   13:  return 0;
      195:   13-block  0
      308:   14:}
      308:   14-block  0
        -:   15:
function newGame called 0 returned 0% blocks executed 0%
        -:   16:struct gameState* newGame() {
    #####:   17:  struct gameState* g = malloc(sizeof(struct gameState));
    $$$$$:   17-block  0
    #####:   18:  return g;
    $$$$$:   18-block  0
        -:   19:}
        -:   20:
function kingdomCards called 0 returned 0% blocks executed 0%
        -:   21:int* kingdomCards(int k1, int k2, int k3, int k4, int k5, int k6, int k7,
        -:   22:		  int k8, int k9, int k10) {
    #####:   23:  int* k = malloc(10 * sizeof(int));
    #####:   24:  k[0] = k1;
    #####:   25:  k[1] = k2;
    #####:   26:  k[2] = k3;
    #####:   27:  k[3] = k4;
    #####:   28:  k[4] = k5;
    #####:   29:  k[5] = k6;
    #####:   30:  k[6] = k7;
    #####:   31:  k[7] = k8;
    #####:   32:  k[8] = k9;
    #####:   33:  k[9] = k10;
    #####:   34:  return k;
    $$$$$:   34-block  0
        -:   35:}
        -:   36:
function initializeGame called 10 returned 100% blocks executed 83%
        -:   37:int initializeGame(int numPlayers, int kingdomCards[10], int randomSeed,
        -:   38:		   struct gameState *state) {
        -:   39:
        -:   40:  int i;
        -:   41:  int j;
        -:   42:  int it;
        -:   43:  //set up random number generator
       10:   44:  SelectStream(1);
       10:   45:  PutSeed((long)randomSeed);
        -:   46:
        -:   47:  //check number of players
       10:   48:  if (numPlayers > MAX_PLAYERS || numPlayers < 2)
       10:   48-block  0
branch  0 taken 100%
branch  1 taken 0%
       10:   48-block  1
branch  2 taken 0%
branch  3 taken 100%
        -:   49:    {
    #####:   50:      return -1;
    $$$$$:   50-block  0
        -:   51:    }
        -:   52:
        -:   53:  //set number of players
       10:   54:  state->numPlayers = numPlayers;
        -:   55:
        -:   56:  //check selected kingdom cards are different
      110:   57:  for (i = 0; i < 10; i++)
       10:   57-block  0
      110:   57-block  1
branch  0 taken 91%
branch  1 taken 9%
      100:   57-block  2
        -:   58:    {
     1100:   59:      for (j = 0; j < 10; j++)
      100:   59-block  0
     1100:   59-block  1
branch  0 taken 91%
branch  1 taken 9%
     1000:   59-block  2
        -:   60:        {
     1000:   61:	  if (j != i && kingdomCards[j] == kingdomCards[i])
     1000:   61-block  0
branch  0 taken 90%
branch  1 taken 10%
      900:   61-block  1
branch  2 taken 0%
branch  3 taken 100%
        -:   62:	    {
    #####:   63:	      return -1;
    $$$$$:   63-block  0
        -:   64:	    }
     1000:   65:        }
     1000:   65-block  0
      100:   66:    }
      100:   66-block  0
        -:   67:
        -:   68:
        -:   69:  //initialize supply
        -:   70:  ///////////////////////////////
        -:   71:
        -:   72:  //set number of Curse cards
       10:   73:  if (numPlayers == 2)
       10:   73-block  0
branch  0 taken 100%
branch  1 taken 0%
        -:   74:    {
       10:   75:      state->supplyCount[curse] = 10;
       10:   76:    }
       10:   76-block  0
    #####:   77:  else if (numPlayers == 3)
    $$$$$:   77-block  0
branch  0 never executed
branch  1 never executed
        -:   78:    {
    #####:   79:      state->supplyCount[curse] = 20;
    #####:   80:    }
    $$$$$:   80-block  0
        -:   81:  else
        -:   82:    {
    #####:   83:      state->supplyCount[curse] = 30;
    $$$$$:   83-block  0
        -:   84:    }
        -:   85:
        -:   86:  //set number of Victory cards
       10:   87:  if (numPlayers == 2)
       10:   87-block  0
branch  0 taken 100%
branch  1 taken 0%
        -:   88:    {
       10:   89:      state->supplyCount[estate] = 8;
       10:   90:      state->supplyCount[duchy] = 8;
       10:   91:      state->supplyCount[province] = 8;
       10:   92:    }
       10:   92-block  0
        -:   93:  else
        -:   94:    {
    #####:   95:      state->supplyCount[estate] = 12;
    #####:   96:      state->supplyCount[duchy] = 12;
    #####:   97:      state->supplyCount[province] = 12;
    $$$$$:   97-block  0
        -:   98:    }
        -:   99:
        -:  100:  //set number of Treasure cards
       10:  101:  state->supplyCount[copper] = 60 - (7 * numPlayers);
       10:  102:  state->supplyCount[silver] = 40;
       10:  103:  state->supplyCount[gold] = 30;
        -:  104:
        -:  105:  //set number of Kingdom cards
      210:  106:  for (i = adventurer; i <= treasure_map; i++)       	//loop all cards
       10:  106-block  0
      210:  106-block  1
branch  0 taken 95%
branch  1 taken 5%
      200:  106-block  2
        -:  107:    {
     1650:  108:      for (j = 0; j < 10; j++)           		//loop chosen cards
      200:  108-block  0
     1650:  108-block  1
branch  0 taken 94%
branch  1 taken 6%
     1450:  108-block  2
        -:  109:	{
     1550:  110:	  if (kingdomCards[j] == i)
     1550:  110-block  0
branch  0 taken 6%
branch  1 taken 94%
        -:  111:	    {
        -:  112:	      //check if card is a 'Victory' Kingdom card
      100:  113:	      if (kingdomCards[j] == great_hall || kingdomCards[j] == gardens)
      100:  113-block  0
branch  0 taken 100%
branch  1 taken 0%
      100:  113-block  1
branch  2 taken 0%
branch  3 taken 100%
        -:  114:		{
    #####:  115:		  if (numPlayers == 2){
    $$$$$:  115-block  0
branch  0 never executed
branch  1 never executed
    #####:  116:		    state->supplyCount[i] = 8;
    #####:  117:		  }
    $$$$$:  117-block  0
    #####:  118:		  else{ state->supplyCount[i] = 12; }
    $$$$$:  118-block  0
    #####:  119:		}
    $$$$$:  119-block  0
        -:  120:	      else
        -:  121:		{
      100:  122:		  state->supplyCount[i] = 10;
      100:  122-block  0
        -:  123:		}
      100:  124:	      break;
      100:  124-block  0
        -:  125:	    }
        -:  126:	  else    //card is not in the set choosen for the game
        -:  127:	    {
     1450:  128:	      state->supplyCount[i] = -1;
     1450:  128-block  0
        -:  129:	    }
     1450:  130:	}
     1450:  130-block  0
        -:  131:
      200:  132:    }
      200:  132-block  0
        -:  133:
        -:  134:  ////////////////////////
        -:  135:  //supply intilization complete
        -:  136:
        -:  137:  //set player decks
       30:  138:  for (i = 0; i < numPlayers; i++)
       10:  138-block  0
       30:  138-block  1
branch  0 taken 67%
branch  1 taken 33%
       20:  138-block  2
        -:  139:    {
       20:  140:      state->deckCount[i] = 0;
       80:  141:      for (j = 0; j < 3; j++)
       20:  141-block  0
       80:  141-block  1
branch  0 taken 75%
branch  1 taken 25%
       60:  141-block  2
        -:  142:	{
       60:  143:	  state->deck[i][j] = estate;
       60:  144:	  state->deckCount[i]++;
       60:  145:	}
       60:  145-block  0
      160:  146:      for (j = 3; j < 10; j++)
       20:  146-block  0
      160:  146-block  1
branch  0 taken 88%
branch  1 taken 13%
      140:  146-block  2
        -:  147:	{
      140:  148:	  state->deck[i][j] = copper;
      140:  149:	  state->deckCount[i]++;
      140:  150:	}
      140:  150-block  0
       20:  151:    }
       20:  151-block  0
        -:  152:
        -:  153:  //shuffle player decks
       30:  154:  for (i = 0; i < numPlayers; i++)
       10:  154-block  0
       30:  154-block  1
branch  0 taken 67%
branch  1 taken 33%
       20:  154-block  2
        -:  155:    {
       20:  156:      if ( shuffle(i, state) < 0 )
       20:  156-block  0
branch  0 taken 0%
branch  1 taken 100%
        -:  157:	{
    #####:  158:	  return -1;
    $$$$$:  158-block  0
        -:  159:	}
       20:  160:    }
       20:  160-block  0
        -:  161:
        -:  162:  //draw player hands
       30:  163:  for (i = 0; i < numPlayers; i++)
       10:  163-block  0
       30:  163-block  1
branch  0 taken 67%
branch  1 taken 33%
       20:  163-block  2
        -:  164:    {
        -:  165:      //initialize hand size to zero
       20:  166:      state->handCount[i] = 0;
       20:  167:      state->discardCount[i] = 0;
        -:  168:      //draw 5 cards
        -:  169:      // for (j = 0; j < 5; j++)
        -:  170:      //	{
        -:  171:      //	  drawCard(i, state);
        -:  172:      //	}
       20:  173:    }
       20:  173-block  0
        -:  174:
        -:  175:  //set embargo tokens to 0 for all supply piles
      280:  176:  for (i = 0; i <= treasure_map; i++)
       10:  176-block  0
      280:  176-block  1
branch  0 taken 96%
branch  1 taken 4%
      270:  176-block  2
        -:  177:    {
      270:  178:      state->embargoTokens[i] = 0;
      270:  179:    }
      270:  179-block  0
        -:  180:
        -:  181:  //initialize first player's turn
       10:  182:  state->outpostPlayed = 0;
       10:  183:  state->phase = 0;
       10:  184:  state->numActions = 1;
       10:  185:  state->numBuys = 1;
       10:  186:  state->playedCardCount = 0;
       10:  187:  state->whoseTurn = 0;
       10:  188:  state->handCount[state->whoseTurn] = 0;
        -:  189:  //int it; move to top
        -:  190:
        -:  191:  //Moved draw cards to here, only drawing at the start of a turn
       60:  192:  for (it = 0; it < 5; it++){
       10:  192-block  0
       60:  192-block  1
branch  0 taken 83%
branch  1 taken 17%
       50:  192-block  2
       50:  193:    drawCard(state->whoseTurn, state);
       50:  194:  }
       50:  194-block  0
        -:  195:
       10:  196:  updateCoins(state->whoseTurn, state, 0);
        -:  197:
       10:  198:  return 0;
       10:  198-block  0
       10:  199:}
       10:  199-block  0
        -:  200:
function shuffle called 31 returned 100% blocks executed 100%
        -:  201:int shuffle(int player, struct gameState *state) {
        -:  202:
        -:  203:
        -:  204:  int newDeck[MAX_DECK];
       31:  205:  int newDeckPos = 0;
        -:  206:  int card;
        -:  207:  int i;
        -:  208:
       31:  209:  if (state->deckCount[player] < 1)
       31:  209-block  0
branch  0 taken 3%
branch  1 taken 97%
        1:  210:    return -1;
        1:  210-block  0
       30:  211:  qsort ((void*)(state->deck[player]), state->deckCount[player], sizeof(int), compare);
        -:  212:  /* SORT CARDS IN DECK TO ENSURE DETERMINISM! */
        -:  213:
      263:  214:  while (state->deckCount[player] > 0) {
       30:  214-block  0
      263:  214-block  1
branch  0 taken 89%
branch  1 taken 11%
      233:  214-block  2
      233:  215:    card = floor(Random() * state->deckCount[player]);
      233:  216:    newDeck[newDeckPos] = state->deck[player][card];
      233:  217:    newDeckPos++;
      773:  218:    for (i = card; i < state->deckCount[player]-1; i++) {
      233:  218-block  0
      773:  218-block  1
branch  0 taken 70%
branch  1 taken 30%
      540:  218-block  2
      540:  219:      state->deck[player][i] = state->deck[player][i+1];
      540:  220:    }
      540:  220-block  0
      233:  221:    state->deckCount[player]--;
        -:  222:  }
      263:  223:  for (i = 0; i < newDeckPos; i++) {
       30:  223-block  0
      263:  223-block  1
branch  0 taken 89%
branch  1 taken 11%
      233:  223-block  2
      233:  224:    state->deck[player][i] = newDeck[i];
      233:  225:    state->deckCount[player]++;
      233:  226:  }
      233:  226-block  0
        -:  227:
       30:  228:  return 0;
       30:  228-block  0
       31:  229:}
       31:  229-block  0
        -:  230:
function playCard called 0 returned 0% blocks executed 0%
        -:  231:int playCard(int handPos, int choice1, int choice2, int choice3, struct gameState *state)
        -:  232:{
        -:  233:  int card;
    #####:  234:  int coin_bonus = 0; 		//tracks coins gain from actions
        -:  235:
        -:  236:  //check if it is the right phase
    #####:  237:  if (state->phase != 0)
    $$$$$:  237-block  0
branch  0 never executed
branch  1 never executed
        -:  238:    {
    #####:  239:      return -1;
    $$$$$:  239-block  0
        -:  240:    }
        -:  241:
        -:  242:  //check if player has enough actions
    #####:  243:  if ( state->numActions < 1 )
    $$$$$:  243-block  0
branch  0 never executed
branch  1 never executed
        -:  244:    {
    #####:  245:      return -1;
    $$$$$:  245-block  0
        -:  246:    }
        -:  247:
        -:  248:  //get card played
    #####:  249:  card = handCard(handPos, state);
        -:  250:
        -:  251:  //check if selected card is an action
    #####:  252:  if ( card < adventurer || card > treasure_map )
    $$$$$:  252-block  0
branch  0 never executed
branch  1 never executed
    $$$$$:  252-block  1
branch  2 never executed
branch  3 never executed
        -:  253:    {
    #####:  254:      return -1;
    $$$$$:  254-block  0
        -:  255:    }
        -:  256:
        -:  257:  //play card
    #####:  258:  if ( cardEffect(card, choice1, choice2, choice3, state, handPos, &coin_bonus) < 0 )
    $$$$$:  258-block  0
branch  0 never executed
branch  1 never executed
        -:  259:    {
    #####:  260:      return -1;
    $$$$$:  260-block  0
        -:  261:    }
        -:  262:
        -:  263:  //reduce number of actions
    #####:  264:  state->numActions--;
        -:  265:
        -:  266:  //update coins (Treasure cards may be added with card draws)
    #####:  267:  updateCoins(state->whoseTurn, state, coin_bonus);
        -:  268:
    #####:  269:  return 0;
    $$$$$:  269-block  0
    #####:  270:}
    $$$$$:  270-block  0
        -:  271:
function buyCard called 0 returned 0% blocks executed 0%
        -:  272:int buyCard(int supplyPos, struct gameState *state) {
        -:  273:  int who;
        -:  274:  if (DEBUG){
        -:  275:    printf("Entering buyCard...\n");
        -:  276:  }
        -:  277:
        -:  278:  // I don't know what to do about the phase thing.
        -:  279:
    #####:  280:  who = state->whoseTurn;
        -:  281:
    #####:  282:  if (state->numBuys < 1){
    $$$$$:  282-block  0
branch  0 never executed
branch  1 never executed
        -:  283:    if (DEBUG)
        -:  284:      printf("You do not have any buys left\n");
    #####:  285:    return -1;
    $$$$$:  285-block  0
    #####:  286:  } else if (supplyCount(supplyPos, state) <1){
    $$$$$:  286-block  0
branch  0 never executed
branch  1 never executed
        -:  287:    if (DEBUG)
        -:  288:      printf("There are not any of that type of card left\n");
    #####:  289:    return -1;
    $$$$$:  289-block  0
    #####:  290:  } else if (state->coins < getCost(supplyPos)){
    $$$$$:  290-block  0
branch  0 never executed
branch  1 never executed
        -:  291:    if (DEBUG)
        -:  292:      printf("You do not have enough money to buy that. You have %d coins.\n", state->coins);
    #####:  293:    return -1;
    $$$$$:  293-block  0
        -:  294:  } else {
    #####:  295:    state->phase=1;
        -:  296:    //state->supplyCount[supplyPos]--;
    #####:  297:    gainCard(supplyPos, state, 0, who); //card goes in discard, this might be wrong.. (2 means goes into hand, 0 goes into discard)
        -:  298:
    #####:  299:    state->coins = (state->coins) - (getCost(supplyPos));
    #####:  300:    state->numBuys--;
    $$$$$:  300-block  0
        -:  301:    if (DEBUG)
        -:  302:      printf("You bought card number %d for %d coins. You now have %d buys and %d coins.\n", supplyPos, getCost(supplyPos), state->numBuys, state->coins);
        -:  303:  }
        -:  304:
        -:  305:  //state->discard[who][state->discardCount[who]] = supplyPos;
        -:  306:  //state->discardCount[who]++;
        -:  307:
    #####:  308:  return 0;
    $$$$$:  308-block  0
    #####:  309:}
    $$$$$:  309-block  0
        -:  310:
function numHandCards called 0 returned 0% blocks executed 0%
        -:  311:int numHandCards(struct gameState *state) {
    #####:  312:  return state->handCount[ whoseTurn(state) ];
    $$$$$:  312-block  0
        -:  313:}
        -:  314:
function handCard called 0 returned 0% blocks executed 0%
        -:  315:int handCard(int handPos, struct gameState *state) {
    #####:  316:  int currentPlayer = whoseTurn(state);
    #####:  317:  return state->hand[currentPlayer][handPos];
    $$$$$:  317-block  0
        -:  318:}
        -:  319:
function supplyCount called 22 returned 100% blocks executed 100%
        -:  320:int supplyCount(int card, struct gameState *state) {
       22:  321:  return state->supplyCount[card];
       22:  321-block  0
        -:  322:}
        -:  323:
function fullDeckCount called 0 returned 0% blocks executed 0%
        -:  324:int fullDeckCount(int player, int card, struct gameState *state) {
        -:  325:  int i;
    #####:  326:  int count = 0;
        -:  327:
    #####:  328:  for (i = 0; i < state->deckCount[player]; i++)
    $$$$$:  328-block  0
    $$$$$:  328-block  1
branch  0 never executed
branch  1 never executed
    $$$$$:  328-block  2
        -:  329:    {
    #####:  330:      if (state->deck[player][i] == card) count++;
    $$$$$:  330-block  0
branch  0 never executed
branch  1 never executed
    $$$$$:  330-block  1
    #####:  331:    }
    $$$$$:  331-block  0
        -:  332:
    #####:  333:  for (i = 0; i < state->handCount[player]; i++)
    $$$$$:  333-block  0
    $$$$$:  333-block  1
branch  0 never executed
branch  1 never executed
    $$$$$:  333-block  2
        -:  334:    {
    #####:  335:      if (state->hand[player][i] == card) count++;
    $$$$$:  335-block  0
branch  0 never executed
branch  1 never executed
    $$$$$:  335-block  1
    #####:  336:    }
    $$$$$:  336-block  0
        -:  337:
    #####:  338:  for (i = 0; i < state->discardCount[player]; i++)
    $$$$$:  338-block  0
    $$$$$:  338-block  1
branch  0 never executed
branch  1 never executed
    $$$$$:  338-block  2
        -:  339:    {
    #####:  340:      if (state->discard[player][i] == card) count++;
    $$$$$:  340-block  0
branch  0 never executed
branch  1 never executed
    $$$$$:  340-block  1
    #####:  341:    }
    $$$$$:  341-block  0
        -:  342:
    #####:  343:  return count;
    $$$$$:  343-block  0
        -:  344:}
        -:  345:
function whoseTurn called 10 returned 100% blocks executed 100%
        -:  346:int whoseTurn(struct gameState *state) {
       10:  347:  return state->whoseTurn;
       10:  347-block  0
        -:  348:}
        -:  349:
function endTurn called 0 returned 0% blocks executed 0%
        -:  350:int endTurn(struct gameState *state) {
        -:  351:  int k;
        -:  352:  int i;
    #####:  353:  int currentPlayer = whoseTurn(state);
        -:  354:
        -:  355:  //Discard hand
    #####:  356:  for (i = 0; i < state->handCount[currentPlayer]; i++){
    $$$$$:  356-block  0
    $$$$$:  356-block  1
branch  0 never executed
branch  1 never executed
    $$$$$:  356-block  2
    #####:  357:    state->discard[currentPlayer][state->discardCount[currentPlayer]++] = state->hand[currentPlayer][i];//Discard
    #####:  358:    state->hand[currentPlayer][i] = -1;//Set card to -1
    #####:  359:  }
    $$$$$:  359-block  0
    #####:  360:  state->handCount[currentPlayer] = 0;//Reset hand count
        -:  361:
        -:  362:  //Code for determining the player
    #####:  363:  if (currentPlayer < (state->numPlayers - 1)){
    $$$$$:  363-block  0
branch  0 never executed
branch  1 never executed
    #####:  364:    state->whoseTurn = currentPlayer + 1;//Still safe to increment
    #####:  365:  }
    $$$$$:  365-block  0
        -:  366:  else{
    #####:  367:    state->whoseTurn = 0;//Max player has been reached, loop back around to player 1
    $$$$$:  367-block  0
        -:  368:  }
        -:  369:
    #####:  370:  state->outpostPlayed = 0;
    #####:  371:  state->phase = 0;
    #####:  372:  state->numActions = 1;
    #####:  373:  state->coins = 0;
    #####:  374:  state->numBuys = 1;
    #####:  375:  state->playedCardCount = 0;
    #####:  376:  state->handCount[state->whoseTurn] = 0;
        -:  377:
        -:  378:  //int k; move to top
        -:  379:  //Next player draws hand
    #####:  380:  for (k = 0; k < 5; k++){
    $$$$$:  380-block  0
    $$$$$:  380-block  1
branch  0 never executed
branch  1 never executed
    $$$$$:  380-block  2
    #####:  381:    drawCard(state->whoseTurn, state);//Draw a card
    #####:  382:  }
    $$$$$:  382-block  0
        -:  383:
        -:  384:  //Update money
    #####:  385:  updateCoins(state->whoseTurn, state , 0);
        -:  386:
    #####:  387:  return 0;
    $$$$$:  387-block  0
        -:  388:}
        -:  389:
function isGameOver called 0 returned 0% blocks executed 0%
        -:  390:int isGameOver(struct gameState *state) {
        -:  391:  int i;
        -:  392:  int j;
        -:  393:
        -:  394:  //if stack of Province cards is empty, the game ends
    #####:  395:  if (state->supplyCount[province] == 0)
    $$$$$:  395-block  0
branch  0 never executed
branch  1 never executed
        -:  396:    {
    #####:  397:      return 1;
    $$$$$:  397-block  0
        -:  398:    }
        -:  399:
        -:  400:  //if three supply pile are at 0, the game ends
    #####:  401:  j = 0;
    #####:  402:  for (i = 0; i < 25; i++)
    $$$$$:  402-block  0
    $$$$$:  402-block  1
branch  0 never executed
branch  1 never executed
    $$$$$:  402-block  2
        -:  403:    {
    #####:  404:      if (state->supplyCount[i] == 0)
    $$$$$:  404-block  0
branch  0 never executed
branch  1 never executed
        -:  405:	{
    #####:  406:	  j++;
    #####:  407:	}
    $$$$$:  407-block  0
    #####:  408:    }
    $$$$$:  408-block  0
    #####:  409:  if ( j >= 3)
    $$$$$:  409-block  0
branch  0 never executed
branch  1 never executed
        -:  410:    {
    #####:  411:      return 1;
    $$$$$:  411-block  0
        -:  412:    }
        -:  413:
    #####:  414:  return 0;
    $$$$$:  414-block  0
    #####:  415:}
    $$$$$:  415-block  0
        -:  416:
function scoreFor called 0 returned 0% blocks executed 0%
        -:  417:int scoreFor (int player, struct gameState *state) {
        -:  418:
        -:  419:  int i;
    #####:  420:  int score = 0;
        -:  421:  //score from hand
    #####:  422:  for (i = 0; i < state->handCount[player]; i++)
    $$$$$:  422-block  0
    $$$$$:  422-block  1
branch  0 never executed
branch  1 never executed
    $$$$$:  422-block  2
        -:  423:    {
    #####:  424:      if (state->hand[player][i] == curse) { score = score - 1; };
    $$$$$:  424-block  0
branch  0 never executed
branch  1 never executed
    $$$$$:  424-block  1
    #####:  425:      if (state->hand[player][i] == estate) { score = score + 1; };
    $$$$$:  425-block  0
branch  0 never executed
branch  1 never executed
    $$$$$:  425-block  1
    #####:  426:      if (state->hand[player][i] == duchy) { score = score + 3; };
    $$$$$:  426-block  0
branch  0 never executed
branch  1 never executed
    $$$$$:  426-block  1
    #####:  427:      if (state->hand[player][i] == province) { score = score + 6; };
    $$$$$:  427-block  0
branch  0 never executed
branch  1 never executed
    $$$$$:  427-block  1
    #####:  428:      if (state->hand[player][i] == great_hall) { score = score + 1; };
    $$$$$:  428-block  0
branch  0 never executed
branch  1 never executed
    $$$$$:  428-block  1
    #####:  429:      if (state->hand[player][i] == gardens) { score = score + ( fullDeckCount(player, 0, state) / 10 ); };
    $$$$$:  429-block  0
branch  0 never executed
branch  1 never executed
    $$$$$:  429-block  1
    #####:  430:    }
    $$$$$:  430-block  0
        -:  431:
        -:  432:  //score from discard
    #####:  433:  for (i = 0; i < state->discardCount[player]; i++)
    $$$$$:  433-block  0
    $$$$$:  433-block  1
branch  0 never executed
branch  1 never executed
    $$$$$:  433-block  2
        -:  434:    {
    #####:  435:      if (state->discard[player][i] == curse) { score = score - 1; };
    $$$$$:  435-block  0
branch  0 never executed
branch  1 never executed
    $$$$$:  435-block  1
    #####:  436:      if (state->discard[player][i] == estate) { score = score + 1; };
    $$$$$:  436-block  0
branch  0 never executed
branch  1 never executed
    $$$$$:  436-block  1
    #####:  437:      if (state->discard[player][i] == duchy) { score = score + 3; };
    $$$$$:  437-block  0
branch  0 never executed
branch  1 never executed
    $$$$$:  437-block  1
    #####:  438:      if (state->discard[player][i] == province) { score = score + 6; };
    $$$$$:  438-block  0
branch  0 never executed
branch  1 never executed
    $$$$$:  438-block  1
    #####:  439:      if (state->discard[player][i] == great_hall) { score = score + 1; };
    $$$$$:  439-block  0
branch  0 never executed
branch  1 never executed
    $$$$$:  439-block  1
    #####:  440:      if (state->discard[player][i] == gardens) { score = score + ( fullDeckCount(player, 0, state) / 10 ); };
    $$$$$:  440-block  0
branch  0 never executed
branch  1 never executed
    $$$$$:  440-block  1
    #####:  441:    }
    $$$$$:  441-block  0
        -:  442:
        -:  443:  //score from deck
    #####:  444:  for (i = 0; i < state->discardCount[player]; i++)
    $$$$$:  444-block  0
    $$$$$:  444-block  1
branch  0 never executed
branch  1 never executed
    $$$$$:  444-block  2
        -:  445:    {
    #####:  446:      if (state->deck[player][i] == curse) { score = score - 1; };
    $$$$$:  446-block  0
branch  0 never executed
branch  1 never executed
    $$$$$:  446-block  1
    #####:  447:      if (state->deck[player][i] == estate) { score = score + 1; };
    $$$$$:  447-block  0
branch  0 never executed
branch  1 never executed
    $$$$$:  447-block  1
    #####:  448:      if (state->deck[player][i] == duchy) { score = score + 3; };
    $$$$$:  448-block  0
branch  0 never executed
branch  1 never executed
    $$$$$:  448-block  1
    #####:  449:      if (state->deck[player][i] == province) { score = score + 6; };
    $$$$$:  449-block  0
branch  0 never executed
branch  1 never executed
    $$$$$:  449-block  1
    #####:  450:      if (state->deck[player][i] == great_hall) { score = score + 1; };
    $$$$$:  450-block  0
branch  0 never executed
branch  1 never executed
    $$$$$:  450-block  1
    #####:  451:      if (state->deck[player][i] == gardens) { score = score + ( fullDeckCount(player, 0, state) / 10 ); };
    $$$$$:  451-block  0
branch  0 never executed
branch  1 never executed
    $$$$$:  451-block  1
    #####:  452:    }
    $$$$$:  452-block  0
        -:  453:
    #####:  454:  return score;
    $$$$$:  454-block  0
        -:  455:}
        -:  456:
function getWinners called 0 returned 0% blocks executed 0%
        -:  457:int getWinners(int players[MAX_PLAYERS], struct gameState *state) {
        -:  458:  int i;
        -:  459:  int j;
        -:  460:  int highScore;
        -:  461:  int currentPlayer;
        -:  462:
        -:  463:  //get score for each player
    #####:  464:  for (i = 0; i < MAX_PLAYERS; i++)
    $$$$$:  464-block  0
    $$$$$:  464-block  1
branch  0 never executed
branch  1 never executed
    $$$$$:  464-block  2
        -:  465:    {
        -:  466:      //set unused player scores to -9999
    #####:  467:      if (i >= state->numPlayers)
    $$$$$:  467-block  0
branch  0 never executed
branch  1 never executed
        -:  468:	{
    #####:  469:	  players[i] = -9999;
    #####:  470:	}
    $$$$$:  470-block  0
        -:  471:      else
        -:  472:	{
    #####:  473:	  players[i] = scoreFor (i, state);
    $$$$$:  473-block  0
        -:  474:	}
    #####:  475:    }
    $$$$$:  475-block  0
        -:  476:
        -:  477:  //find highest score
    #####:  478:  j = 0;
    #####:  479:  for (i = 0; i < MAX_PLAYERS; i++)
    $$$$$:  479-block  0
    $$$$$:  479-block  1
branch  0 never executed
branch  1 never executed
    $$$$$:  479-block  2
        -:  480:    {
    #####:  481:      if (players[i] > players[j])
    $$$$$:  481-block  0
branch  0 never executed
branch  1 never executed
        -:  482:	{
    #####:  483:	  j = i;
    #####:  484:	}
    $$$$$:  484-block  0
    #####:  485:    }
    $$$$$:  485-block  0
    #####:  486:  highScore = players[j];
        -:  487:
        -:  488:  //add 1 to players who had less turns
    #####:  489:  currentPlayer = whoseTurn(state);
    #####:  490:  for (i = 0; i < MAX_PLAYERS; i++)
    $$$$$:  490-block  0
    $$$$$:  490-block  1
branch  0 never executed
branch  1 never executed
    $$$$$:  490-block  2
        -:  491:    {
    #####:  492:      if ( players[i] == highScore && i > currentPlayer )
    $$$$$:  492-block  0
branch  0 never executed
branch  1 never executed
    $$$$$:  492-block  1
branch  2 never executed
branch  3 never executed
        -:  493:	{
    #####:  494:	  players[i]++;
    #####:  495:	}
    $$$$$:  495-block  0
    #####:  496:    }
    $$$$$:  496-block  0
        -:  497:
        -:  498:  //find new highest score
    #####:  499:  j = 0;
    #####:  500:  for (i = 0; i < MAX_PLAYERS; i++)
    $$$$$:  500-block  0
    $$$$$:  500-block  1
branch  0 never executed
branch  1 never executed
    $$$$$:  500-block  2
        -:  501:    {
    #####:  502:      if ( players[i] > players[j] )
    $$$$$:  502-block  0
branch  0 never executed
branch  1 never executed
        -:  503:	{
    #####:  504:	  j = i;
    #####:  505:	}
    $$$$$:  505-block  0
    #####:  506:    }
    $$$$$:  506-block  0
    #####:  507:  highScore = players[j];
        -:  508:
        -:  509:  //set winners in array to 1 and rest to 0
    #####:  510:  for (i = 0; i < MAX_PLAYERS; i++)
    $$$$$:  510-block  0
    $$$$$:  510-block  1
branch  0 never executed
branch  1 never executed
    $$$$$:  510-block  2
        -:  511:    {
    #####:  512:      if ( players[i] == highScore )
    $$$$$:  512-block  0
branch  0 never executed
branch  1 never executed
        -:  513:	{
    #####:  514:	  players[i] = 1;
    #####:  515:	}
    $$$$$:  515-block  0
        -:  516:      else
        -:  517:	{
    #####:  518:	  players[i] = 0;
    $$$$$:  518-block  0
        -:  519:	}
    #####:  520:    }
    $$$$$:  520-block  0
        -:  521:
    #####:  522:  return 0;
    $$$$$:  522-block  0
        -:  523:}
        -:  524:
function drawCard called 82 returned 100% blocks executed 91%
        -:  525:int drawCard(int player, struct gameState *state)
        -:  526:{	int count;
        -:  527:  int deckCounter;
       82:  528:  if (state->deckCount[player] <= 0){//Deck is empty
       82:  528-block  0
branch  0 taken 1%
branch  1 taken 99%
        -:  529:
        -:  530:    //Step 1 Shuffle the discard pile back into a deck
        -:  531:    int i;
        -:  532:    //Move discard to deck
        6:  533:    for (i = 0; i < state->discardCount[player];i++){
        1:  533-block  0
        6:  533-block  1
branch  0 taken 83%
branch  1 taken 17%
        5:  533-block  2
        5:  534:      state->deck[player][i] = state->discard[player][i];
        5:  535:      state->discard[player][i] = -1;
        5:  536:    }
        5:  536-block  0
        -:  537:
        1:  538:    state->deckCount[player] = state->discardCount[player];
        1:  539:    state->discardCount[player] = 0;//Reset discard
        -:  540:
        -:  541:    //Shufffle the deck
        1:  542:    shuffle(player, state);//Shuffle the deck up and make it so that we can draw
        -:  543:
        -:  544:    if (DEBUG){//Debug statements
        -:  545:      printf("Deck count now: %d\n", state->deckCount[player]);
        -:  546:    }
        -:  547:
        1:  548:    state->discardCount[player] = 0;
        -:  549:
        -:  550:    //Step 2 Draw Card
        1:  551:    count = state->handCount[player];//Get current player's hand count
        -:  552:
        -:  553:    if (DEBUG){//Debug statements
        -:  554:      printf("Current hand count: %d\n", count);
        -:  555:    }
        -:  556:
        1:  557:    deckCounter = state->deckCount[player];//Create a holder for the deck count
        -:  558:
        1:  559:    if (deckCounter == 0)
        1:  559-block  0
branch  0 taken 0%
branch  1 taken 100%
    #####:  560:      return -1;
    $$$$$:  560-block  0
        -:  561:
        1:  562:    state->hand[player][count] = state->deck[player][deckCounter - 1];//Add card to hand
        1:  563:    state->deckCount[player]--;
        1:  564:    state->handCount[player]++;//Increment hand count
        1:  565:  }
        1:  565-block  0
        -:  566:
        -:  567:  else{
       81:  568:    int count = state->handCount[player];//Get current hand count for player
        -:  569:    int deckCounter;
        -:  570:    if (DEBUG){//Debug statements
        -:  571:      printf("Current hand count: %d\n", count);
        -:  572:    }
        -:  573:
       81:  574:    deckCounter = state->deckCount[player];//Create holder for the deck count
       81:  575:    state->hand[player][count] = state->deck[player][deckCounter - 1];//Add card to the hand
       81:  576:    state->deckCount[player]--;
       81:  577:    state->handCount[player]++;//Increment hand count
       81:  577-block  0
        -:  578:  }
        -:  579:
       82:  580:  return 0;
       82:  580-block  0
       82:  581:}
       82:  581-block  0
        -:  582:
function getCost called 0 returned 0% blocks executed 0%
        -:  583:int getCost(int cardNumber)
        -:  584:{
    #####:  585:  switch( cardNumber )
    $$$$$:  585-block  0
branch  0 never executed
branch  1 never executed
branch  2 never executed
branch  3 never executed
branch  4 never executed
branch  5 never executed
branch  6 never executed
branch  7 never executed
branch  8 never executed
branch  9 never executed
branch 10 never executed
branch 11 never executed
branch 12 never executed
branch 13 never executed
branch 14 never executed
branch 15 never executed
branch 16 never executed
branch 17 never executed
branch 18 never executed
branch 19 never executed
branch 20 never executed
branch 21 never executed
branch 22 never executed
branch 23 never executed
branch 24 never executed
branch 25 never executed
branch 26 never executed
branch 27 never executed
        -:  586:    {
        -:  587:    case curse:
    #####:  588:      return 0;
    $$$$$:  588-block  0
        -:  589:    case estate:
    #####:  590:      return 2;
    $$$$$:  590-block  0
        -:  591:    case duchy:
    #####:  592:      return 5;
    $$$$$:  592-block  0
        -:  593:    case province:
    #####:  594:      return 8;
    $$$$$:  594-block  0
        -:  595:    case copper:
    #####:  596:      return 0;
    $$$$$:  596-block  0
        -:  597:    case silver:
    #####:  598:      return 3;
    $$$$$:  598-block  0
        -:  599:    case gold:
    #####:  600:      return 6;
    $$$$$:  600-block  0
        -:  601:    case adventurer:
    #####:  602:      return 6;
    $$$$$:  602-block  0
        -:  603:    case council_room:
    #####:  604:      return 5;
    $$$$$:  604-block  0
        -:  605:    case feast:
    #####:  606:      return 4;
    $$$$$:  606-block  0
        -:  607:    case gardens:
    #####:  608:      return 4;
    $$$$$:  608-block  0
        -:  609:    case mine:
    #####:  610:      return 5;
    $$$$$:  610-block  0
        -:  611:    case remodel:
    #####:  612:      return 4;
    $$$$$:  612-block  0
        -:  613:    case smithy:
    #####:  614:      return 4;
    $$$$$:  614-block  0
        -:  615:    case village:
    #####:  616:      return 3;
    $$$$$:  616-block  0
        -:  617:    case baron:
    #####:  618:      return 4;
    $$$$$:  618-block  0
        -:  619:    case great_hall:
    #####:  620:      return 3;
    $$$$$:  620-block  0
        -:  621:    case minion:
    #####:  622:      return 5;
    $$$$$:  622-block  0
        -:  623:    case steward:
    #####:  624:      return 3;
    $$$$$:  624-block  0
        -:  625:    case tribute:
    #####:  626:      return 5;
    $$$$$:  626-block  0
        -:  627:    case ambassador:
    #####:  628:      return 3;
    $$$$$:  628-block  0
        -:  629:    case cutpurse:
    #####:  630:      return 4;
    $$$$$:  630-block  0
        -:  631:    case embargo:
    #####:  632:      return 2;
    $$$$$:  632-block  0
        -:  633:    case outpost:
    #####:  634:      return 5;
    $$$$$:  634-block  0
        -:  635:    case salvager:
    #####:  636:      return 4;
    $$$$$:  636-block  0
        -:  637:    case sea_hag:
    #####:  638:      return 4;
    $$$$$:  638-block  0
        -:  639:    case treasure_map:
    #####:  640:      return 4;
    $$$$$:  640-block  0
        -:  641:    }
        -:  642:
    #####:  643:  return -1;
    $$$$$:  643-block  0
    #####:  644:}
    $$$$$:  644-block  0
        -:  645:
function adventurerEffect called 0 returned 0% blocks executed 0%
        -:  646:int adventurerEffect(struct gameState* state, int drawntreasure, int currentPlayer, int z, int cardDrawn, int temphand[]) {
    #####:  647:    while(drawntreasure<2){
    $$$$$:  647-block  0
    $$$$$:  647-block  1
branch  0 never executed
branch  1 never executed
    $$$$$:  647-block  2
    #####:  648:        if (state->deckCount[currentPlayer] <1){//if the deck is empty we need to shuffle discard and add to deck
    $$$$$:  648-block  0
branch  0 never executed
branch  1 never executed
        -:  649:            //shuffle(currentPlayer, state);
    #####:  650:            break;
    $$$$$:  650-block  0
        -:  651:        }
    #####:  652:        drawCard(currentPlayer, state);
    #####:  653:        cardDrawn = state->hand[currentPlayer][state->handCount[currentPlayer]-1];//top card of hand is most recently drawn card.
    #####:  654:        if (cardDrawn == copper || cardDrawn == silver || cardDrawn == gold)
    $$$$$:  654-block  0
branch  0 never executed
branch  1 never executed
    $$$$$:  654-block  1
branch  2 never executed
branch  3 never executed
    $$$$$:  654-block  2
branch  4 never executed
branch  5 never executed
    #####:  655:            drawntreasure++;
    $$$$$:  655-block  0
        -:  656:        else{
    #####:  657:            temphand[z]=cardDrawn;
    #####:  658:            state->handCount[currentPlayer]--; //this should just remove the top card (the most recently drawn one).
    #####:  659:            z++;
    $$$$$:  659-block  0
        -:  660:        }
        -:  661:    }
    #####:  662:    while(z-1>0){ // bug >= became >
    $$$$$:  662-block  0
    $$$$$:  662-block  1
branch  0 never executed
branch  1 never executed
    $$$$$:  662-block  2
    #####:  663:        state->discard[currentPlayer][state->discardCount[currentPlayer]++]=temphand[z-1]; // discard all cards in play that have been drawn
    #####:  664:        z=z-1;
        -:  665:    }
    #####:  666:    return 0;
    $$$$$:  666-block  0
        -:  667:}
        -:  668:
function smithyEffect called 0 returned 0% blocks executed 0%
        -:  669:int smithyEffect(struct gameState* state, int handPos, int currentPlayer) {
    #####:  670:    int i = 0;
        -:  671:    //+3 Cards
    #####:  672:    for (i = 0; i < 3; i++) // bug was <3 and now < 2
    $$$$$:  672-block  0
    $$$$$:  672-block  1
branch  0 never executed
branch  1 never executed
    $$$$$:  672-block  2
        -:  673:    {
    #####:  674:        drawCard(currentPlayer, state);
    #####:  675:    }
    $$$$$:  675-block  0
        -:  676:
        -:  677:    //discard card from hand
    #####:  678:    discardCard(handPos, currentPlayer, state, 0);
    #####:  679:    return 0;
    $$$$$:  679-block  0
        -:  680:}
        -:  681:
function council_roomEffect called 0 returned 0% blocks executed 0%
        -:  682:int council_roomEffect(struct gameState* state, int handPos, int currentPlayer) {
    #####:  683:    int i = 0;
        -:  684:    //+4 Cards
    #####:  685:    for (i = 0; i < 3; i++) // bug was i < 4 now i < 3
    $$$$$:  685-block  0
    $$$$$:  685-block  1
branch  0 never executed
branch  1 never executed
    $$$$$:  685-block  2
        -:  686:    {
    #####:  687:        drawCard(currentPlayer, state);
    #####:  688:    }
    $$$$$:  688-block  0
        -:  689:
        -:  690:    //+1 Buy
    #####:  691:    state->numBuys++;
        -:  692:
        -:  693:    //Each other player draws a card
    #####:  694:    for (i = 0; i < state->numPlayers; i++)
    $$$$$:  694-block  0
    $$$$$:  694-block  1
branch  0 never executed
branch  1 never executed
    $$$$$:  694-block  2
        -:  695:    {
    #####:  696:        if ( i != currentPlayer )
    $$$$$:  696-block  0
branch  0 never executed
branch  1 never executed
        -:  697:        {
    #####:  698:            drawCard(i, state);
    #####:  699:        }
    $$$$$:  699-block  0
    #####:  700:    }
    $$$$$:  700-block  0
        -:  701:
        -:  702:    //put played card in played card pile
    #####:  703:    discardCard(handPos, currentPlayer, state, 0);
        -:  704:
    #####:  705:    return 0;
    $$$$$:  705-block  0
        -:  706:}
        -:  707:
        -:  708:// bug will make all return -1 be 4,294,967,295...
function mineEffect called 0 returned 0% blocks executed 0%
        -:  709:unsigned int mineEffect(int choice1, int choice2, struct gameState *state, int handPos, int currentPlayer, int* j) {
    #####:  710:    int i = 0;
    #####:  711:    *j = state->hand[currentPlayer][choice1];  //store card we will trash
        -:  712:
    #####:  713:    if (state->hand[currentPlayer][choice1] < copper || state->hand[currentPlayer][choice1] > gold)
    $$$$$:  713-block  0
branch  0 never executed
branch  1 never executed
    $$$$$:  713-block  1
branch  2 never executed
branch  3 never executed
        -:  714:    {
    #####:  715:        return -1;
    $$$$$:  715-block  0
        -:  716:    }
        -:  717:
    #####:  718:    if (choice2 > treasure_map || choice2 < curse)
    $$$$$:  718-block  0
branch  0 never executed
branch  1 never executed
    $$$$$:  718-block  1
branch  2 never executed
branch  3 never executed
        -:  719:    {
    #####:  720:        return -1;
    $$$$$:  720-block  0
        -:  721:    }
        -:  722:
    #####:  723:    if ( (getCost(state->hand[currentPlayer][choice1]) + 3) > getCost(choice2) )
    $$$$$:  723-block  0
branch  0 never executed
branch  1 never executed
        -:  724:    {
    #####:  725:        return -1;
    $$$$$:  725-block  0
        -:  726:    }
        -:  727:
    #####:  728:    gainCard(choice2, state, 2, currentPlayer);
        -:  729:
        -:  730:    //discard card from hand
    #####:  731:    discardCard(handPos, currentPlayer, state, 0);
        -:  732:
        -:  733:    //discard trashed card
    #####:  734:    for (i = 0; i < state->handCount[currentPlayer]; i++)
    $$$$$:  734-block  0
    $$$$$:  734-block  1
branch  0 never executed
branch  1 never executed
    $$$$$:  734-block  2
        -:  735:    {
    #####:  736:        if (state->hand[currentPlayer][i] == *j)
    $$$$$:  736-block  0
branch  0 never executed
branch  1 never executed
        -:  737:        {
    #####:  738:            discardCard(i, currentPlayer, state, 0);
    #####:  739:            break;
    $$$$$:  739-block  0
        -:  740:        }
    #####:  741:    }
    $$$$$:  741-block  0
        -:  742:
    #####:  743:    return 0;
    $$$$$:  743-block  0
    #####:  744:}
    $$$$$:  744-block  0
        -:  745:
function villageEffect called 10 returned 100% blocks executed 100%
        -:  746:int villageEffect(struct gameState *state, int handPos, int currentPlayer) {
        -:  747:    //+1 Card
       10:  748:    drawCard(currentPlayer, state);
        -:  749:
        -:  750:    //+2 Actions
       10:  751:    state->numActions = state->numActions + 2;
        -:  752:
        -:  753:    //discard played card from hand
       10:  754:    discardCard(handPos, currentPlayer, state, 0);
       10:  755:    return 0;
       10:  755-block  0
        -:  756:}
        -:  757:
function cardEffect called 10 returned 100% blocks executed 2%
        -:  758:int cardEffect(int card, int choice1, int choice2, int choice3, struct gameState *state, int handPos, int *bonus)
        -:  759:{
        -:  760:  int i;
        -:  761:  int j;
        -:  762:  int k;
        -:  763:  int x;
        -:  764:  int index;
       10:  765:  int currentPlayer = whoseTurn(state);
       10:  766:  int nextPlayer = currentPlayer + 1;
        -:  767:
       10:  768:  int tributeRevealedCards[2] = {-1, -1};
        -:  769:  int temphand[MAX_HAND];// moved above the if statement
       10:  770:  int drawntreasure=0;
       10:  771:  int cardDrawn = 0;
       10:  772:  int z = 0;// this is the counter for the temp hand
       10:  773:  if (nextPlayer > (state->numPlayers - 1)){
       10:  773-block  0
branch  0 taken 0%
branch  1 taken 100%
    #####:  774:    nextPlayer = 0;
    #####:  775:  }
    $$$$$:  775-block  0
        -:  776:
        -:  777:
        -:  778:  //uses switch to select card and perform actions
       10:  779:  switch( card )
       10:  779-block  0
branch  0 taken 0%
branch  1 taken 0%
branch  2 taken 0%
branch  3 taken 0%
branch  4 taken 0%
branch  5 taken 0%
branch  6 taken 0%
branch  7 taken 100%
branch  8 taken 0%
branch  9 taken 0%
branch 10 taken 0%
branch 11 taken 0%
branch 12 taken 0%
branch 13 taken 0%
branch 14 taken 0%
branch 15 taken 0%
branch 16 taken 0%
branch 17 taken 0%
branch 18 taken 0%
branch 19 taken 0%
branch 20 taken 0%
        -:  780:    {
        -:  781:    case adventurer:
    #####:  782:      return adventurerEffect(state, drawntreasure, currentPlayer, z, cardDrawn, temphand);
    $$$$$:  782-block  0
        -:  783:
        -:  784:    case council_room:
    #####:  785:      return council_roomEffect(state, handPos, currentPlayer);
    $$$$$:  785-block  0
        -:  786:
        -:  787:    case feast:
        -:  788:      //gain card with cost up to 5
        -:  789:      //Backup hand
    #####:  790:      for (i = 0; i <= state->handCount[currentPlayer]; i++){
    $$$$$:  790-block  0
    $$$$$:  790-block  1
branch  0 never executed
branch  1 never executed
    $$$$$:  790-block  2
    #####:  791:	temphand[i] = state->hand[currentPlayer][i];//Backup card
    #####:  792:	state->hand[currentPlayer][i] = -1;//Set to nothing
    #####:  793:      }
    $$$$$:  793-block  0
        -:  794:      //Backup hand
        -:  795:
        -:  796:      //Update Coins for Buy
    #####:  797:      updateCoins(currentPlayer, state, 5);
    #####:  798:      x = 1;//Condition to loop on
    #####:  799:      while( x == 1) {//Buy one card
    $$$$$:  799-block  0
    $$$$$:  799-block  1
branch  0 never executed
branch  1 never executed
    $$$$$:  799-block  2
    #####:  800:	if (supplyCount(choice1, state) <= 0){
    $$$$$:  800-block  0
branch  0 never executed
branch  1 never executed
        -:  801:	  if (DEBUG)
        -:  802:	    printf("None of that card left, sorry!\n");
        -:  803:
        -:  804:	  if (DEBUG){
        -:  805:	    printf("Cards Left: %d\n", supplyCount(choice1, state));
        -:  806:	  }
    #####:  807:	}
    $$$$$:  807-block  0
    #####:  808:	else if (state->coins < getCost(choice1)){
    $$$$$:  808-block  0
branch  0 never executed
branch  1 never executed
    #####:  809:	  printf("That card is too expensive!\n");
        -:  810:
        -:  811:	  if (DEBUG){
        -:  812:	    printf("Coins: %d < %d\n", state->coins, getCost(choice1));
        -:  813:	  }
    #####:  814:	}
    $$$$$:  814-block  0
        -:  815:	else{
        -:  816:
        -:  817:	  if (DEBUG){
        -:  818:	    printf("Deck Count: %d\n", state->handCount[currentPlayer] + state->deckCount[currentPlayer] + state->discardCount[currentPlayer]);
        -:  819:	  }
        -:  820:
    #####:  821:	  gainCard(choice1, state, 0, currentPlayer);//Gain the card
    #####:  822:	  x = 0;//No more buying cards
    $$$$$:  822-block  0
        -:  823:
        -:  824:	  if (DEBUG){
        -:  825:	    printf("Deck Count: %d\n", state->handCount[currentPlayer] + state->deckCount[currentPlayer] + state->discardCount[currentPlayer]);
        -:  826:	  }
        -:  827:
        -:  828:	}
        -:  829:      }
        -:  830:
        -:  831:      //Reset Hand
    #####:  832:      for (i = 0; i <= state->handCount[currentPlayer]; i++){
    $$$$$:  832-block  0
    $$$$$:  832-block  1
branch  0 never executed
branch  1 never executed
    $$$$$:  832-block  2
    #####:  833:	state->hand[currentPlayer][i] = temphand[i];
    #####:  834:	temphand[i] = -1;
    #####:  835:      }
    $$$$$:  835-block  0
        -:  836:      //Reset Hand
        -:  837:
    #####:  838:      return 0;
    $$$$$:  838-block  0
        -:  839:
        -:  840:    case gardens:
    #####:  841:      return -1;
    $$$$$:  841-block  0
        -:  842:
        -:  843:    case mine:
    #####:  844:      return mineEffect(choice1, choice2, state, handPos, currentPlayer, &j);
    $$$$$:  844-block  0
        -:  845:
        -:  846:    case remodel:
    #####:  847:      j = state->hand[currentPlayer][choice1];  //store card we will trash
        -:  848:
    #####:  849:      if ( (getCost(state->hand[currentPlayer][choice1]) + 2) > getCost(choice2) )
    $$$$$:  849-block  0
branch  0 never executed
branch  1 never executed
        -:  850:	{
    #####:  851:	  return -1;
    $$$$$:  851-block  0
        -:  852:	}
        -:  853:
    #####:  854:      gainCard(choice2, state, 0, currentPlayer);
        -:  855:
        -:  856:      //discard card from hand
    #####:  857:      discardCard(handPos, currentPlayer, state, 0);
        -:  858:
        -:  859:      //discard trashed card
    #####:  860:      for (i = 0; i < state->handCount[currentPlayer]; i++)
    $$$$$:  860-block  0
    $$$$$:  860-block  1
branch  0 never executed
branch  1 never executed
    $$$$$:  860-block  2
        -:  861:	{
    #####:  862:	  if (state->hand[currentPlayer][i] == j)
    $$$$$:  862-block  0
branch  0 never executed
branch  1 never executed
        -:  863:	    {
    #####:  864:	      discardCard(i, currentPlayer, state, 0);
    #####:  865:	      break;
    $$$$$:  865-block  0
        -:  866:	    }
    #####:  867:	}
    $$$$$:  867-block  0
        -:  868:
        -:  869:
    #####:  870:      return 0;
    $$$$$:  870-block  0
        -:  871:
        -:  872:    case smithy:
    #####:  873:       return smithyEffect(state, handPos, currentPlayer);
    $$$$$:  873-block  0
        -:  874:
        -:  875:    case village:
       10:  876:      return villageEffect(state, handPos, currentPlayer);
       10:  876-block  0
        -:  877:
        -:  878:    case baron:
    #####:  879:      state->numBuys++;//Increase buys by 1!
    #####:  880:      if (choice1 > 0){//Boolean true or going to discard an estate
    $$$$$:  880-block  0
branch  0 never executed
branch  1 never executed
    #####:  881:	int p = 0;//Iterator for hand!
    #####:  882:	int card_not_discarded = 1;//Flag for discard set!
    #####:  883:	while(card_not_discarded){
    $$$$$:  883-block  0
    $$$$$:  883-block  1
branch  0 never executed
branch  1 never executed
    $$$$$:  883-block  2
    #####:  884:	  if (state->hand[currentPlayer][p] == estate){//Found an estate card!
    $$$$$:  884-block  0
branch  0 never executed
branch  1 never executed
    #####:  885:	    state->coins += 4;//Add 4 coins to the amount of coins
    #####:  886:	    state->discard[currentPlayer][state->discardCount[currentPlayer]] = state->hand[currentPlayer][p];
    #####:  887:	    state->discardCount[currentPlayer]++;
    #####:  888:	    for (;p < state->handCount[currentPlayer]; p++){
    $$$$$:  888-block  0
    $$$$$:  888-block  1
branch  0 never executed
branch  1 never executed
    $$$$$:  888-block  2
    #####:  889:	      state->hand[currentPlayer][p] = state->hand[currentPlayer][p+1];
    #####:  890:	    }
    $$$$$:  890-block  0
    #####:  891:	    state->hand[currentPlayer][state->handCount[currentPlayer]] = -1;
    #####:  892:	    state->handCount[currentPlayer]--;
    #####:  893:	    card_not_discarded = 0;//Exit the loop
    #####:  894:	  }
    $$$$$:  894-block  0
    #####:  895:	  else if (p > state->handCount[currentPlayer]){
    $$$$$:  895-block  0
branch  0 never executed
branch  1 never executed
        -:  896:	    if(DEBUG) {
        -:  897:	      printf("No estate cards in your hand, invalid choice\n");
        -:  898:	      printf("Must gain an estate if there are any\n");
        -:  899:	    }
    #####:  900:	    if (supplyCount(estate, state) > 0){
    $$$$$:  900-block  0
branch  0 never executed
branch  1 never executed
    #####:  901:	      gainCard(estate, state, 0, currentPlayer);
    #####:  902:	      state->supplyCount[estate]--;//Decrement estates
    #####:  903:	      if (supplyCount(estate, state) == 0){
    $$$$$:  903-block  0
branch  0 never executed
branch  1 never executed
    #####:  904:		isGameOver(state);
    #####:  905:	      }
    $$$$$:  905-block  0
    #####:  906:	    }
    $$$$$:  906-block  0
    #####:  907:	    card_not_discarded = 0;//Exit the loop
    #####:  908:	  }
    $$$$$:  908-block  0
        -:  909:
        -:  910:	  else{
    #####:  911:	    p++;//Next card
    $$$$$:  911-block  0
        -:  912:	  }
        -:  913:	}
    #####:  914:      }
    $$$$$:  914-block  0
        -:  915:
        -:  916:      else{
    #####:  917:	if (supplyCount(estate, state) > 0){
    $$$$$:  917-block  0
branch  0 never executed
branch  1 never executed
    #####:  918:	  gainCard(estate, state, 0, currentPlayer);//Gain an estate
    #####:  919:	  state->supplyCount[estate]--;//Decrement Estates
    #####:  920:	  if (supplyCount(estate, state) == 0){
    $$$$$:  920-block  0
branch  0 never executed
branch  1 never executed
    #####:  921:	    isGameOver(state);
    #####:  922:	  }
    $$$$$:  922-block  0
    #####:  923:	}
    $$$$$:  923-block  0
        -:  924:      }
        -:  925:
        -:  926:
    #####:  927:      return 0;
    $$$$$:  927-block  0
        -:  928:
        -:  929:    case great_hall:
        -:  930:      //+1 Card
    #####:  931:      drawCard(currentPlayer, state);
        -:  932:
        -:  933:      //+1 Actions
    #####:  934:      state->numActions++;
        -:  935:
        -:  936:      //discard card from hand
    #####:  937:      discardCard(handPos, currentPlayer, state, 0);
    #####:  938:      return 0;
    $$$$$:  938-block  0
        -:  939:
        -:  940:    case minion:
        -:  941:      //+1 action
    #####:  942:      state->numActions++;
        -:  943:
        -:  944:      //discard card from hand
    #####:  945:      discardCard(handPos, currentPlayer, state, 0);
        -:  946:
    #####:  947:      if (choice1)		//+2 coins
    $$$$$:  947-block  0
branch  0 never executed
branch  1 never executed
        -:  948:	{
    #####:  949:	  state->coins = state->coins + 2;
    #####:  950:	}
    $$$$$:  950-block  0
        -:  951:
    #####:  952:      else if (choice2)		//discard hand, redraw 4, other players with 5+ cards discard hand and draw 4
    $$$$$:  952-block  0
branch  0 never executed
branch  1 never executed
        -:  953:	{
        -:  954:	  //discard hand
    #####:  955:	  while(numHandCards(state) > 0)
    $$$$$:  955-block  0
    $$$$$:  955-block  1
branch  0 never executed
branch  1 never executed
    $$$$$:  955-block  2
        -:  956:	    {
    #####:  957:	      discardCard(handPos, currentPlayer, state, 0);
        -:  958:	    }
        -:  959:
        -:  960:	  //draw 4
    #####:  961:	  for (i = 0; i < 4; i++)
    $$$$$:  961-block  0
    $$$$$:  961-block  1
branch  0 never executed
branch  1 never executed
    $$$$$:  961-block  2
        -:  962:	    {
    #####:  963:	      drawCard(currentPlayer, state);
    #####:  964:	    }
    $$$$$:  964-block  0
        -:  965:
        -:  966:	  //other players discard hand and redraw if hand size > 4
    #####:  967:	  for (i = 0; i < state->numPlayers; i++)
    $$$$$:  967-block  0
    $$$$$:  967-block  1
branch  0 never executed
branch  1 never executed
    $$$$$:  967-block  2
        -:  968:	    {
    #####:  969:	      if (i != currentPlayer)
    $$$$$:  969-block  0
branch  0 never executed
branch  1 never executed
        -:  970:		{
    #####:  971:		  if ( state->handCount[i] > 4 )
    $$$$$:  971-block  0
branch  0 never executed
branch  1 never executed
        -:  972:		    {
        -:  973:		      //discard hand
    #####:  974:		      while( state->handCount[i] > 0 )
    $$$$$:  974-block  0
    $$$$$:  974-block  1
branch  0 never executed
branch  1 never executed
    $$$$$:  974-block  2
        -:  975:			{
    #####:  976:			  discardCard(handPos, i, state, 0);
        -:  977:			}
        -:  978:
        -:  979:		      //draw 4
    #####:  980:		      for (j = 0; j < 4; j++)
    $$$$$:  980-block  0
    $$$$$:  980-block  1
branch  0 never executed
branch  1 never executed
    $$$$$:  980-block  2
        -:  981:			{
    #####:  982:			  drawCard(i, state);
    #####:  983:			}
    $$$$$:  983-block  0
    #####:  984:		    }
    $$$$$:  984-block  0
    #####:  985:		}
    $$$$$:  985-block  0
    #####:  986:	    }
    $$$$$:  986-block  0
        -:  987:
    #####:  988:	}
    $$$$$:  988-block  0
    #####:  989:      return 0;
    $$$$$:  989-block  0
        -:  990:
        -:  991:    case steward:
    #####:  992:      if (choice1 == 1)
    $$$$$:  992-block  0
branch  0 never executed
branch  1 never executed
        -:  993:	{
        -:  994:	  //+2 cards
    #####:  995:	  drawCard(currentPlayer, state);
    #####:  996:	  drawCard(currentPlayer, state);
    #####:  997:	}
    $$$$$:  997-block  0
    #####:  998:      else if (choice1 == 2)
    $$$$$:  998-block  0
branch  0 never executed
branch  1 never executed
        -:  999:	{
        -: 1000:	  //+2 coins
    #####: 1001:	  state->coins = state->coins + 2;
    #####: 1002:	}
    $$$$$: 1002-block  0
        -: 1003:      else
        -: 1004:	{
        -: 1005:	  //trash 2 cards in hand
    #####: 1006:	  discardCard(choice2, currentPlayer, state, 1);
    #####: 1007:	  discardCard(choice3, currentPlayer, state, 1);
    $$$$$: 1007-block  0
        -: 1008:	}
        -: 1009:
        -: 1010:      //discard card from hand
    #####: 1011:      discardCard(handPos, currentPlayer, state, 0);
    #####: 1012:      return 0;
    $$$$$: 1012-block  0
        -: 1013:
        -: 1014:    case tribute:
    #####: 1015:      if ((state->discardCount[nextPlayer] + state->deckCount[nextPlayer]) <= 1){
    $$$$$: 1015-block  0
branch  0 never executed
branch  1 never executed
    #####: 1016:	if (state->deckCount[nextPlayer] > 0){
    $$$$$: 1016-block  0
branch  0 never executed
branch  1 never executed
    #####: 1017:	  tributeRevealedCards[0] = state->deck[nextPlayer][state->deckCount[nextPlayer]-1];
    #####: 1018:	  state->deckCount[nextPlayer]--;
    #####: 1019:	}
    $$$$$: 1019-block  0
    #####: 1020:	else if (state->discardCount[nextPlayer] > 0){
    $$$$$: 1020-block  0
branch  0 never executed
branch  1 never executed
    #####: 1021:	  tributeRevealedCards[0] = state->discard[nextPlayer][state->discardCount[nextPlayer]-1];
    #####: 1022:	  state->discardCount[nextPlayer]--;
    #####: 1023:	}
    $$$$$: 1023-block  0
        -: 1024:	else{
        -: 1025:	  //No Card to Reveal
        -: 1026:	  if (DEBUG){
        -: 1027:	    printf("No cards to reveal\n");
        -: 1028:	  }
        -: 1029:	}
    #####: 1030:      }
    $$$$$: 1030-block  0
        -: 1031:
        -: 1032:      else{
    #####: 1033:	if (state->deckCount[nextPlayer] == 0){
    $$$$$: 1033-block  0
branch  0 never executed
branch  1 never executed
    #####: 1034:	  for (i = 0; i < state->discardCount[nextPlayer]; i++){
    $$$$$: 1034-block  0
    $$$$$: 1034-block  1
branch  0 never executed
branch  1 never executed
    $$$$$: 1034-block  2
    #####: 1035:	    state->deck[nextPlayer][i] = state->discard[nextPlayer][i];//Move to deck
    #####: 1036:	    state->deckCount[nextPlayer]++;
    #####: 1037:	    state->discard[nextPlayer][i] = -1;
    #####: 1038:	    state->discardCount[nextPlayer]--;
    #####: 1039:	  }
    $$$$$: 1039-block  0
        -: 1040:
    #####: 1041:	  shuffle(nextPlayer,state);//Shuffle the deck
    #####: 1042:	}
    $$$$$: 1042-block  0
    #####: 1043:	tributeRevealedCards[0] = state->deck[nextPlayer][state->deckCount[nextPlayer]-1];
    #####: 1044:	state->deck[nextPlayer][state->deckCount[nextPlayer]--] = -1;
    #####: 1045:	state->deckCount[nextPlayer]--;
    #####: 1046:	tributeRevealedCards[1] = state->deck[nextPlayer][state->deckCount[nextPlayer]-1];
    #####: 1047:	state->deck[nextPlayer][state->deckCount[nextPlayer]--] = -1;
    #####: 1048:	state->deckCount[nextPlayer]--;
    $$$$$: 1048-block  0
        -: 1049:      }
        -: 1050:
    #####: 1051:      if (tributeRevealedCards[0] == tributeRevealedCards[1]){//If we have a duplicate card, just drop one
    $$$$$: 1051-block  0
branch  0 never executed
branch  1 never executed
    #####: 1052:	state->playedCards[state->playedCardCount] = tributeRevealedCards[1];
    #####: 1053:	state->playedCardCount++;
    #####: 1054:	tributeRevealedCards[1] = -1;
    #####: 1055:      }
    $$$$$: 1055-block  0
        -: 1056:
    #####: 1057:      for (i = 0; i <= 2; i ++){
    $$$$$: 1057-block  0
    $$$$$: 1057-block  1
branch  0 never executed
branch  1 never executed
    $$$$$: 1057-block  2
    #####: 1058:	if (tributeRevealedCards[i] == copper || tributeRevealedCards[i] == silver || tributeRevealedCards[i] == gold){//Treasure cards
    $$$$$: 1058-block  0
branch  0 never executed
branch  1 never executed
    $$$$$: 1058-block  1
branch  2 never executed
branch  3 never executed
    $$$$$: 1058-block  2
branch  4 never executed
branch  5 never executed
    #####: 1059:	  state->coins += 2;
    #####: 1060:	}
    $$$$$: 1060-block  0
        -: 1061:
    #####: 1062:	else if (tributeRevealedCards[i] == estate || tributeRevealedCards[i] == duchy || tributeRevealedCards[i] == province || tributeRevealedCards[i] == gardens || tributeRevealedCards[i] == great_hall){//Victory Card Found
    $$$$$: 1062-block  0
branch  0 never executed
branch  1 never executed
    $$$$$: 1062-block  1
branch  2 never executed
branch  3 never executed
    $$$$$: 1062-block  2
branch  4 never executed
branch  5 never executed
    $$$$$: 1062-block  3
branch  6 never executed
branch  7 never executed
    $$$$$: 1062-block  4
branch  8 never executed
branch  9 never executed
    #####: 1063:	  drawCard(currentPlayer, state);
    #####: 1064:	  drawCard(currentPlayer, state);
    #####: 1065:	}
    $$$$$: 1065-block  0
        -: 1066:	else{//Action Card
    #####: 1067:	  state->numActions = state->numActions + 2;
    $$$$$: 1067-block  0
        -: 1068:	}
    #####: 1069:      }
    $$$$$: 1069-block  0
        -: 1070:
    #####: 1071:      return 0;
    $$$$$: 1071-block  0
        -: 1072:
        -: 1073:    case ambassador:
    #####: 1074:      j = 0;		//used to check if player has enough cards to discard
        -: 1075:
    #####: 1076:      if (choice2 > 2 || choice2 < 0)
    $$$$$: 1076-block  0
branch  0 never executed
branch  1 never executed
    $$$$$: 1076-block  1
branch  2 never executed
branch  3 never executed
        -: 1077:	{
    #####: 1078:	  return -1;
    $$$$$: 1078-block  0
        -: 1079:	}
        -: 1080:
    #####: 1081:      if (choice1 == handPos)
    $$$$$: 1081-block  0
branch  0 never executed
branch  1 never executed
        -: 1082:	{
    #####: 1083:	  return -1;
    $$$$$: 1083-block  0
        -: 1084:	}
        -: 1085:
    #####: 1086:      for (i = 0; i < state->handCount[currentPlayer]; i++)
    $$$$$: 1086-block  0
    $$$$$: 1086-block  1
branch  0 never executed
branch  1 never executed
    $$$$$: 1086-block  2
        -: 1087:	{
    #####: 1088:	  if (i != handPos && i == state->hand[currentPlayer][choice1] && i != choice1)
    $$$$$: 1088-block  0
branch  0 never executed
branch  1 never executed
    $$$$$: 1088-block  1
branch  2 never executed
branch  3 never executed
    $$$$$: 1088-block  2
branch  4 never executed
branch  5 never executed
        -: 1089:	    {
    #####: 1090:	      j++;
    #####: 1091:	    }
    $$$$$: 1091-block  0
    #####: 1092:	}
    $$$$$: 1092-block  0
    #####: 1093:      if (j < choice2)
    $$$$$: 1093-block  0
branch  0 never executed
branch  1 never executed
        -: 1094:	{
    #####: 1095:	  return -1;
    $$$$$: 1095-block  0
        -: 1096:	}
        -: 1097:
        -: 1098:      if (DEBUG)
        -: 1099:	printf("Player %d reveals card number: %d\n", currentPlayer, state->hand[currentPlayer][choice1]);
        -: 1100:
        -: 1101:      //increase supply count for choosen card by amount being discarded
    #####: 1102:      state->supplyCount[state->hand[currentPlayer][choice1]] += choice2;
        -: 1103:
        -: 1104:      //each other player gains a copy of revealed card
    #####: 1105:      for (i = 0; i < state->numPlayers; i++)
    $$$$$: 1105-block  0
    $$$$$: 1105-block  1
branch  0 never executed
branch  1 never executed
    $$$$$: 1105-block  2
        -: 1106:	{
    #####: 1107:	  if (i != currentPlayer)
    $$$$$: 1107-block  0
branch  0 never executed
branch  1 never executed
        -: 1108:	    {
    #####: 1109:	      gainCard(state->hand[currentPlayer][choice1], state, 0, i);
    #####: 1110:	    }
    $$$$$: 1110-block  0
    #####: 1111:	}
    $$$$$: 1111-block  0
        -: 1112:
        -: 1113:      //discard played card from hand
    #####: 1114:      discardCard(handPos, currentPlayer, state, 0);
        -: 1115:
        -: 1116:      //trash copies of cards returned to supply
    #####: 1117:      for (j = 0; j < choice2; j++)
    $$$$$: 1117-block  0
    $$$$$: 1117-block  1
branch  0 never executed
branch  1 never executed
    $$$$$: 1117-block  2
        -: 1118:	{
    #####: 1119:	  for (i = 0; i < state->handCount[currentPlayer]; i++)
    $$$$$: 1119-block  0
    $$$$$: 1119-block  1
branch  0 never executed
branch  1 never executed
    $$$$$: 1119-block  2
        -: 1120:	    {
    #####: 1121:	      if (state->hand[currentPlayer][i] == state->hand[currentPlayer][choice1])
    $$$$$: 1121-block  0
branch  0 never executed
branch  1 never executed
        -: 1122:		{
    #####: 1123:		  discardCard(i, currentPlayer, state, 1);
    #####: 1124:		  break;
    $$$$$: 1124-block  0
        -: 1125:		}
    #####: 1126:	    }
    $$$$$: 1126-block  0
    #####: 1127:	}
    $$$$$: 1127-block  0
        -: 1128:
    #####: 1129:      return 0;
    $$$$$: 1129-block  0
        -: 1130:
        -: 1131:    case cutpurse:
        -: 1132:
    #####: 1133:      updateCoins(currentPlayer, state, 2);
    #####: 1134:      for (i = 0; i < state->numPlayers; i++)
    $$$$$: 1134-block  0
    $$$$$: 1134-block  1
branch  0 never executed
branch  1 never executed
    $$$$$: 1134-block  2
        -: 1135:	{
    #####: 1136:	  if (i != currentPlayer)
    $$$$$: 1136-block  0
branch  0 never executed
branch  1 never executed
        -: 1137:	    {
    #####: 1138:	      for (j = 0; j < state->handCount[i]; j++)
    $$$$$: 1138-block  0
    $$$$$: 1138-block  1
branch  0 never executed
branch  1 never executed
    $$$$$: 1138-block  2
        -: 1139:		{
    #####: 1140:		  if (state->hand[i][j] == copper)
    $$$$$: 1140-block  0
branch  0 never executed
branch  1 never executed
        -: 1141:		    {
    #####: 1142:		      discardCard(j, i, state, 0);
    #####: 1143:		      break;
    $$$$$: 1143-block  0
        -: 1144:		    }
    #####: 1145:		  if (j == state->handCount[i])
    $$$$$: 1145-block  0
branch  0 never executed
branch  1 never executed
        -: 1146:		    {
    #####: 1147:		      for (k = 0; k < state->handCount[i]; k++)
    $$$$$: 1147-block  0
    $$$$$: 1147-block  1
branch  0 never executed
branch  1 never executed
    $$$$$: 1147-block  2
        -: 1148:			{
        -: 1149:			  if (DEBUG)
        -: 1150:			    printf("Player %d reveals card number %d\n", i, state->hand[i][k]);
    #####: 1151:			}
    $$$$$: 1151-block  0
    #####: 1152:		      break;
    $$$$$: 1152-block  0
        -: 1153:		    }
    #####: 1154:		}
    $$$$$: 1154-block  0
        -: 1155:
    #####: 1156:	    }
    $$$$$: 1156-block  0
        -: 1157:
    #####: 1158:	}
    $$$$$: 1158-block  0
        -: 1159:
        -: 1160:      //discard played card from hand
    #####: 1161:      discardCard(handPos, currentPlayer, state, 0);
        -: 1162:
    #####: 1163:      return 0;
    $$$$$: 1163-block  0
        -: 1164:
        -: 1165:
        -: 1166:    case embargo:
        -: 1167:      //+2 Coins
    #####: 1168:      state->coins = state->coins + 2;
        -: 1169:
        -: 1170:      //see if selected pile is in play
    #####: 1171:      if ( state->supplyCount[choice1] == -1 )
    $$$$$: 1171-block  0
branch  0 never executed
branch  1 never executed
        -: 1172:	{
    #####: 1173:	  return -1;
    $$$$$: 1173-block  0
        -: 1174:	}
        -: 1175:
        -: 1176:      //add embargo token to selected supply pile
    #####: 1177:      state->embargoTokens[choice1]++;
        -: 1178:
        -: 1179:      //trash card
    #####: 1180:      discardCard(handPos, currentPlayer, state, 1);
    #####: 1181:      return 0;
    $$$$$: 1181-block  0
        -: 1182:
        -: 1183:    case outpost:
        -: 1184:      //set outpost flag
    #####: 1185:      state->outpostPlayed++;
        -: 1186:
        -: 1187:      //discard card
    #####: 1188:      discardCard(handPos, currentPlayer, state, 0);
    #####: 1189:      return 0;
    $$$$$: 1189-block  0
        -: 1190:
        -: 1191:    case salvager:
        -: 1192:      //+1 buy
    #####: 1193:      state->numBuys++;
        -: 1194:
    #####: 1195:      if (choice1)
    $$$$$: 1195-block  0
branch  0 never executed
branch  1 never executed
        -: 1196:	{
        -: 1197:	  //gain coins equal to trashed card
    #####: 1198:	  state->coins = state->coins + getCost( handCard(choice1, state) );
        -: 1199:	  //trash card
    #####: 1200:	  discardCard(choice1, currentPlayer, state, 1);
    #####: 1201:	}
    $$$$$: 1201-block  0
        -: 1202:
        -: 1203:      //discard card
    #####: 1204:      discardCard(handPos, currentPlayer, state, 0);
    #####: 1205:      return 0;
    $$$$$: 1205-block  0
        -: 1206:
        -: 1207:    case sea_hag:
    #####: 1208:      for (i = 0; i < state->numPlayers; i++){
    $$$$$: 1208-block  0
    $$$$$: 1208-block  1
branch  0 never executed
branch  1 never executed
    $$$$$: 1208-block  2
    #####: 1209:	if (i != currentPlayer){
    $$$$$: 1209-block  0
branch  0 never executed
branch  1 never executed
    #####: 1210:	  state->discard[i][state->discardCount[i]] = state->deck[i][state->deckCount[i]--];			    state->deckCount[i]--;
    #####: 1211:	  state->discardCount[i]++;
    #####: 1212:	  state->deck[i][state->deckCount[i]--] = curse;//Top card now a curse
    #####: 1213:	}
    $$$$$: 1213-block  0
    #####: 1214:      }
    $$$$$: 1214-block  0
    #####: 1215:      return 0;
    $$$$$: 1215-block  0
        -: 1216:
        -: 1217:    case treasure_map:
        -: 1218:      //search hand for another treasure_map
    #####: 1219:      index = -1;
    #####: 1220:      for (i = 0; i < state->handCount[currentPlayer]; i++)
    $$$$$: 1220-block  0
    $$$$$: 1220-block  1
branch  0 never executed
branch  1 never executed
    $$$$$: 1220-block  2
        -: 1221:	{
    #####: 1222:	  if (state->hand[currentPlayer][i] == treasure_map && i != handPos)
    $$$$$: 1222-block  0
branch  0 never executed
branch  1 never executed
    $$$$$: 1222-block  1
branch  2 never executed
branch  3 never executed
        -: 1223:	    {
    #####: 1224:	      index = i;
    #####: 1225:	      break;
    $$$$$: 1225-block  0
        -: 1226:	    }
    #####: 1227:	}
    $$$$$: 1227-block  0
    #####: 1228:      if (index > -1)
    $$$$$: 1228-block  0
branch  0 never executed
branch  1 never executed
        -: 1229:	{
        -: 1230:	  //trash both treasure cards
    #####: 1231:	  discardCard(handPos, currentPlayer, state, 1);
    #####: 1232:	  discardCard(index, currentPlayer, state, 1);
        -: 1233:
        -: 1234:	  //gain 4 Gold cards
    #####: 1235:	  for (i = 0; i < 4; i++)
    $$$$$: 1235-block  0
    $$$$$: 1235-block  1
branch  0 never executed
branch  1 never executed
    $$$$$: 1235-block  2
        -: 1236:	    {
    #####: 1237:	      gainCard(gold, state, 1, currentPlayer);
    #####: 1238:	    }
    $$$$$: 1238-block  0
        -: 1239:
        -: 1240:	  //return success
    #####: 1241:	  return 1;
    $$$$$: 1241-block  0
        -: 1242:	}
        -: 1243:
        -: 1244:      //no second treasure_map found in hand
    #####: 1245:      return -1;
    $$$$$: 1245-block  0
        -: 1246:    }
        -: 1247:
    #####: 1248:  return -1;
    $$$$$: 1248-block  0
       10: 1249:}
       10: 1249-block  0
        -: 1250:
function discardCard called 32 returned 100% blocks executed 90%
        -: 1251:int discardCard(int handPos, int currentPlayer, struct gameState *state, int trashFlag)
        -: 1252:{
        -: 1253:
        -: 1254:  //if card is not trashed, added to Played pile
       32: 1255:  if (trashFlag < 1)
       32: 1255-block  0
branch  0 taken 100%
branch  1 taken 0%
        -: 1256:    {
        -: 1257:      //add card to played pile
       32: 1258:      state->playedCards[state->playedCardCount] = state->hand[currentPlayer][handPos];
       32: 1259:      state->playedCardCount++;
       32: 1260:    }
       32: 1260-block  0
        -: 1261:
        -: 1262:  //set played card to -1
       32: 1263:  state->hand[currentPlayer][handPos] = -1;
        -: 1264:
        -: 1265:  //remove card from player's hand
       32: 1266:  if ( handPos == (state->handCount[currentPlayer] - 1) ) 	//last card in hand array is played
       32: 1266-block  0
branch  0 taken 69%
branch  1 taken 31%
        -: 1267:    {
        -: 1268:      //reduce number of cards in hand
       22: 1269:      state->handCount[currentPlayer]--;
       22: 1270:    }
       22: 1270-block  0
       10: 1271:  else if ( state->handCount[currentPlayer] == 1 ) //only one card in hand
       10: 1271-block  0
branch  0 taken 0%
branch  1 taken 100%
        -: 1272:    {
        -: 1273:      //reduce number of cards in hand
    #####: 1274:      state->handCount[currentPlayer]--;
    #####: 1275:    }
    $$$$$: 1275-block  0
        -: 1276:  else
        -: 1277:    {
        -: 1278:      //replace discarded card with last card in hand
       10: 1279:      state->hand[currentPlayer][handPos] = state->hand[currentPlayer][ (state->handCount[currentPlayer] - 1)];
        -: 1280:      //set last card to -1
       10: 1281:      state->hand[currentPlayer][state->handCount[currentPlayer] - 1] = -1;
        -: 1282:      //reduce number of cards in hand
       10: 1283:      state->handCount[currentPlayer]--;
       10: 1283-block  0
        -: 1284:    }
        -: 1285:
       32: 1286:  return 0;
       32: 1286-block  0
        -: 1287:}
        -: 1288:
function gainCard called 22 returned 100% blocks executed 72%
        -: 1289:int gainCard(int supplyPos, struct gameState *state, int toFlag, int player)
        -: 1290:{
        -: 1291:  //Note: supplyPos is enum of choosen card
        -: 1292:
        -: 1293:  //check if supply pile is empty (0) or card is not used in game (-1)
       22: 1294:  if ( supplyCount(supplyPos, state) < 1 )
       22: 1294-block  0
branch  0 taken 0%
branch  1 taken 100%
        -: 1295:    {
    #####: 1296:      return -1;
    $$$$$: 1296-block  0
        -: 1297:    }
        -: 1298:
        -: 1299:  //added card for [whoseTurn] current player:
        -: 1300:  // toFlag = 0 : add to discard
        -: 1301:  // toFlag = 1 : add to deck
        -: 1302:  // toFlag = 2 : add to hand
        -: 1303:
       22: 1304:  if (toFlag == 1)
       22: 1304-block  0
branch  0 taken 0%
branch  1 taken 100%
        -: 1305:    {
    #####: 1306:      state->deck[ player ][ state->deckCount[player] ] = supplyPos;
    #####: 1307:      state->deckCount[player]++;
    #####: 1308:    }
    $$$$$: 1308-block  0
       22: 1309:  else if (toFlag == 2)
       22: 1309-block  0
branch  0 taken 0%
branch  1 taken 100%
        -: 1310:    {
    #####: 1311:      state->hand[ player ][ state->handCount[player] ] = supplyPos;
    #####: 1312:      state->handCount[player]++;
    #####: 1313:    }
    $$$$$: 1313-block  0
        -: 1314:  else
        -: 1315:    {
       22: 1316:      state->discard[player][ state->discardCount[player] ] = supplyPos;
       22: 1317:      state->discardCount[player]++;
       22: 1317-block  0
        -: 1318:    }
        -: 1319:
        -: 1320:  //decrease number in supply pile
       22: 1321:  state->supplyCount[supplyPos]--;
        -: 1322:
       22: 1323:  return 0;
       22: 1323-block  0
       22: 1324:}
       22: 1324-block  0
        -: 1325:
function updateCoins called 10 returned 100% blocks executed 85%
        -: 1326:int updateCoins(int player, struct gameState *state, int bonus)
        -: 1327:{
        -: 1328:  int i;
        -: 1329:
        -: 1330:  //reset coin count
       10: 1331:  state->coins = 0;
        -: 1332:
        -: 1333:  //add coins for each Treasure card in player's hand
       60: 1334:  for (i = 0; i < state->handCount[player]; i++)
       10: 1334-block  0
       60: 1334-block  1
branch  0 taken 83%
branch  1 taken 17%
       50: 1334-block  2
        -: 1335:    {
       50: 1336:      if (state->hand[player][i] == copper)
       50: 1336-block  0
branch  0 taken 80%
branch  1 taken 20%
        -: 1337:	{
       40: 1338:	  state->coins += 1;
       40: 1339:	}
       40: 1339-block  0
       10: 1340:      else if (state->hand[player][i] == silver)
       10: 1340-block  0
branch  0 taken 0%
branch  1 taken 100%
        -: 1341:	{
    #####: 1342:	  state->coins += 2;
    #####: 1343:	}
    $$$$$: 1343-block  0
       10: 1344:      else if (state->hand[player][i] == gold)
       10: 1344-block  0
branch  0 taken 0%
branch  1 taken 100%
        -: 1345:	{
    #####: 1346:	  state->coins += 3;
    #####: 1347:	}
    $$$$$: 1347-block  0
       50: 1348:    }
       50: 1348-block  0
        -: 1349:
        -: 1350:  //add bonus
       10: 1351:  state->coins += bonus;
        -: 1352:
       10: 1353:  return 0;
       10: 1353-block  0
        -: 1354:}
        -: 1355:
        -: 1356:
        -: 1357://end of dominion.c
