        -:    0:Source:dominion.c
        -:    0:Graph:dominion.gcno
        -:    0:Data:dominion.gcda
        -:    0:Runs:8
        -:    0:Programs:1
        -:    1:// #include "dominion.h"
        -:    2:// #include "dominion_helpers.h"
        -:    3:// #include "rngs.h"
        -:    4:// #include <stdio.h>
        -:    5:// #include <math.h>
        -:    6:// #include <stdlib.h>
        -:    7:// //Assignment 2
        -:    8://
        -:    9:// int refactorSmithy(int card, struct gameState *state, int handPos) {
        -:   10://       //+3 cards for normal, add 4 for refactor
        -:   11://
        -:   12://     int i;
        -:   13://   	int currentPlayer = whoseTurn(state);
        -:   14://
        -:   15://     for (i = 0; i < 3; i++)
        -:   16:// 	{
        -:   17:// 	  drawCard(currentPlayer, state);
        -:   18:// 	}
        -:   19://
        -:   20://     //discard card from hand
        -:   21://     discardCard(handPos, currentPlayer, state, 0);
        -:   22://     return 0;
        -:   23:// }
        -:   24://
        -:   25:// int refactorAdventurer(int card, struct gameState *state, int handPos) {
        -:   26:// //turned (drawntreasure<2) into (drawntreasure>2)
        -:   27://
        -:   28://   int cardDrawn;
        -:   29://   int drawntreasure=0;
        -:   30://   int currentPlayer = whoseTurn(state);
        -:   31://   int nextPlayer = currentPlayer + 1;
        -:   32://   int temphand[MAX_HAND];// moved above the if statement
        -:   33://   int z=0;// this is the counter for the temp hand
        -:   34://   if (nextPlayer > (state->numPlayers - 1)){
        -:   35://     nextPlayer = 0;
        -:   36://
        -:   37://
        -:   38://  while(drawntreasure<2){
        -:   39:// 	if (state->deckCount[currentPlayer] <1){//if the deck is empty we need to shuffle discard and add to deck
        -:   40:// 	  shuffle(currentPlayer, state);
        -:   41:// 	}
        -:   42:// 	drawCard(currentPlayer, state);
        -:   43:// 	cardDrawn = state->hand[currentPlayer][state->handCount[currentPlayer]-1];//top card of hand is most recently drawn card.
        -:   44:// 	if (cardDrawn == copper || cardDrawn == silver || cardDrawn == gold)
        -:   45:// 	  drawntreasure++;
        -:   46:// 	else{
        -:   47:// 	  temphand[z]=cardDrawn;
        -:   48:// 	  state->handCount[currentPlayer]--; //this should just remove the top card (the most recently drawn one).
        -:   49:// 	  z++;
        -:   50:// 	}
        -:   51://       }
        -:   52://       while(z-1>=0){
        -:   53:// 	state->discard[currentPlayer][state->discardCount[currentPlayer]++]=temphand[z-1]; // discard all cards in play that have been drawn
        -:   54:// 	z=z-1;
        -:   55://       }
        -:   56://     }
        -:   57://       return 0;
        -:   58://
        -:   59:// }
        -:   60://
        -:   61:// int refactorEmbargo(int card, int choice1, struct gameState *state, int handPos) {
        -:   62://
        -:   63://   	int currentPlayer = whoseTurn(state);
        -:   64://
        -:   65://       //+2 Coins regular, add 20 for refactor
        -:   66://       state->coins = state->coins + 20;
        -:   67://
        -:   68://       //see if selected pile is in play
        -:   69://       if ( state->supplyCount[choice1] == -1 )
        -:   70:// 	{
        -:   71:// 	  return -1;
        -:   72:// 	}
        -:   73://
        -:   74://       //add embargo token to selected supply pile
        -:   75://       state->embargoTokens[choice1]++;
        -:   76://
        -:   77://       //trash card
        -:   78://       discardCard(handPos, currentPlayer, state, 1);
        -:   79://       return 0;
        -:   80://
        -:   81:// }
        -:   82://
        -:   83:// int refactorGreatHall(int card, struct gameState *state, int handPos) {
        -:   84://
        -:   85:// 	int currentPlayer = whoseTurn(state);
        -:   86://
        -:   87://       //+1 Card regular.. added second drawCard statement
        -:   88://       drawCard(currentPlayer, state);
        -:   89://       drawCard(currentPlayer, state); //added this statement for refactor
        -:   90://
        -:   91://       //+1 Actions
        -:   92://       state->numActions++;
        -:   93://
        -:   94://       //discard card from hand
        -:   95://       discardCard(handPos, currentPlayer, state, 0);
        -:   96://       return 0;
        -:   97://
        -:   98:// }
        -:   99://
        -:  100:// int refactorVillage(int card, struct gameState *state, int handPos) {
        -:  101://
        -:  102:// 	int currentPlayer = whoseTurn(state);
        -:  103://
        -:  104://       //+1 Card
        -:  105://       drawCard(currentPlayer, state);
        -:  106://
        -:  107://       //+2 Actions
        -:  108://       state->numActions = state->numActions + 2;
        -:  109://
        -:  110://       //discard played card from hand (refactor: don't discard the card)
        -:  111://       discardCard(handPos, currentPlayer, state, 0);
        -:  112://
        -:  113://       return 0;
        -:  114:// }
        -:  115://
        -:  116:// int compare(const void* a, const void* b) {
        -:  117://   if (*(int*)a > *(int*)b)
        -:  118://     return 1;
        -:  119://   if (*(int*)a < *(int*)b)
        -:  120://     return -1;
        -:  121://   return 0;
        -:  122:// }
        -:  123://
        -:  124:// struct gameState* newGame() {
        -:  125://   struct gameState* g = malloc(sizeof(struct gameState));
        -:  126://   return g;
        -:  127:// }
        -:  128://
        -:  129:// int* kingdomCards(int k1, int k2, int k3, int k4, int k5, int k6, int k7,
        -:  130:// 		  int k8, int k9, int k10) {
        -:  131://   int* k = malloc(10 * sizeof(int));
        -:  132://   k[0] = k1;
        -:  133://   k[1] = k2;
        -:  134://   k[2] = k3;
        -:  135://   k[3] = k4;
        -:  136://   k[4] = k5;
        -:  137://   k[5] = k6;
        -:  138://   k[6] = k7;
        -:  139://   k[7] = k8;
        -:  140://   k[8] = k9;
        -:  141://   k[9] = k10;
        -:  142://   return k;
        -:  143:// }
        -:  144://
        -:  145:// int initializeGame(int numPlayers, int kingdomCards[10], int randomSeed,
        -:  146:// 		   struct gameState *state) {
        -:  147://
        -:  148://   int i;
        -:  149://   int j;
        -:  150://   int it;
        -:  151://   //set up random number generator
        -:  152://   SelectStream(1);
        -:  153://   PutSeed((long)randomSeed);
        -:  154://
        -:  155://   //check number of players
        -:  156://   if (numPlayers > MAX_PLAYERS || numPlayers < 2)
        -:  157://     {
        -:  158://       return -1;
        -:  159://     }
        -:  160://
        -:  161://   //set number of players
        -:  162://   state->numPlayers = numPlayers;
        -:  163://
        -:  164://   //check selected kingdom cards are different
        -:  165://   for (i = 0; i < 10; i++)
        -:  166://     {
        -:  167://       for (j = 0; j < 10; j++)
        -:  168://         {
        -:  169:// 	  if (j != i && kingdomCards[j] == kingdomCards[i])
        -:  170:// 	    {
        -:  171:// 	      return -1;
        -:  172:// 	    }
        -:  173://         }
        -:  174://     }
        -:  175://
        -:  176://
        -:  177://   //initialize supply
        -:  178://   ///////////////////////////////
        -:  179://
        -:  180://   //set number of Curse cards
        -:  181://   if (numPlayers == 2)
        -:  182://     {
        -:  183://       state->supplyCount[curse] = 10;
        -:  184://     }
        -:  185://   else if (numPlayers == 3)
        -:  186://     {
        -:  187://       state->supplyCount[curse] = 20;
        -:  188://     }
        -:  189://   else
        -:  190://     {
        -:  191://       state->supplyCount[curse] = 30;
        -:  192://     }
        -:  193://
        -:  194://   //set number of Victory cards
        -:  195://   if (numPlayers == 2)
        -:  196://     {
        -:  197://       state->supplyCount[estate] = 8;
        -:  198://       state->supplyCount[duchy] = 8;
        -:  199://       state->supplyCount[province] = 8;
        -:  200://     }
        -:  201://   else
        -:  202://     {
        -:  203://       state->supplyCount[estate] = 12;
        -:  204://       state->supplyCount[duchy] = 12;
        -:  205://       state->supplyCount[province] = 12;
        -:  206://     }
        -:  207://
        -:  208://   //set number of Treasure cards
        -:  209://   state->supplyCount[copper] = 60 - (7 * numPlayers);
        -:  210://   state->supplyCount[silver] = 40;
        -:  211://   state->supplyCount[gold] = 30;
        -:  212://
        -:  213://   //set number of Kingdom cards
        -:  214://   for (i = adventurer; i <= treasure_map; i++)       	//loop all cards
        -:  215://     {
        -:  216://       for (j = 0; j < 10; j++)           		//loop chosen cards
        -:  217:// 	{
        -:  218:// 	  if (kingdomCards[j] == i)
        -:  219:// 	    {
        -:  220:// 	      //check if card is a 'Victory' Kingdom card
        -:  221:// 	      if (kingdomCards[j] == great_hall || kingdomCards[j] == gardens)
        -:  222:// 		{
        -:  223:// 		  if (numPlayers == 2){
        -:  224:// 		    state->supplyCount[i] = 8;
        -:  225:// 		  }
        -:  226:// 		  else{ state->supplyCount[i] = 12; }
        -:  227:// 		}
        -:  228:// 	      else
        -:  229:// 		{
        -:  230:// 		  state->supplyCount[i] = 10;
        -:  231:// 		}
        -:  232:// 	      break;
        -:  233:// 	    }
        -:  234:// 	  else    //card is not in the set choosen for the game
        -:  235:// 	    {
        -:  236:// 	      state->supplyCount[i] = -1;
        -:  237:// 	    }
        -:  238:// 	}
        -:  239://
        -:  240://     }
        -:  241://
        -:  242://   ////////////////////////
        -:  243://   //supply intilization complete
        -:  244://
        -:  245://   //set player decks
        -:  246://   for (i = 0; i < numPlayers; i++)
        -:  247://     {
        -:  248://       state->deckCount[i] = 0;
        -:  249://       for (j = 0; j < 3; j++)
        -:  250:// 	{
        -:  251:// 	  state->deck[i][j] = estate;
        -:  252:// 	  state->deckCount[i]++;
        -:  253:// 	}
        -:  254://       for (j = 3; j < 10; j++)
        -:  255:// 	{
        -:  256:// 	  state->deck[i][j] = copper;
        -:  257:// 	  state->deckCount[i]++;
        -:  258:// 	}
        -:  259://     }
        -:  260://
        -:  261://   //shuffle player decks
        -:  262://   for (i = 0; i < numPlayers; i++)
        -:  263://     {
        -:  264://       if ( shuffle(i, state) < 0 )
        -:  265:// 	{
        -:  266:// 	  return -1;
        -:  267:// 	}
        -:  268://     }
        -:  269://
        -:  270://   //draw player hands
        -:  271://   for (i = 0; i < numPlayers; i++)
        -:  272://     {
        -:  273://       //initialize hand size to zero
        -:  274://       state->handCount[i] = 0;
        -:  275://       state->discardCount[i] = 0;
        -:  276://       //draw 5 cards
        -:  277://       // for (j = 0; j < 5; j++)
        -:  278://       //	{
        -:  279://       //	  drawCard(i, state);
        -:  280://       //	}
        -:  281://     }
        -:  282://
        -:  283://   //set embargo tokens to 0 for all supply piles
        -:  284://   for (i = 0; i <= treasure_map; i++)
        -:  285://     {
        -:  286://       state->embargoTokens[i] = 0;
        -:  287://     }
        -:  288://
        -:  289://   //initialize first player's turn
        -:  290://   state->outpostPlayed = 0;
        -:  291://   state->phase = 0;
        -:  292://   state->numActions = 1;
        -:  293://   state->numBuys = 1;
        -:  294://   state->playedCardCount = 0;
        -:  295://   state->whoseTurn = 0;
        -:  296://   state->handCount[state->whoseTurn] = 0;
        -:  297://   //int it; move to top
        -:  298://
        -:  299://   //Moved draw cards to here, only drawing at the start of a turn
        -:  300://   for (it = 0; it < 5; it++){
        -:  301://     drawCard(state->whoseTurn, state);
        -:  302://   }
        -:  303://
        -:  304://   updateCoins(state->whoseTurn, state, 0);
        -:  305://
        -:  306://   return 0;
        -:  307:// }
        -:  308://
        -:  309:// int shuffle(int player, struct gameState *state) {
        -:  310://
        -:  311://
        -:  312://   int newDeck[MAX_DECK];
        -:  313://   int newDeckPos = 0;
        -:  314://   int card;
        -:  315://   int i;
        -:  316://
        -:  317://   if (state->deckCount[player] < 1)
        -:  318://     return -1;
        -:  319://   qsort ((void*)(state->deck[player]), state->deckCount[player], sizeof(int), compare);
        -:  320://   /* SORT CARDS IN DECK TO ENSURE DETERMINISM! */
        -:  321://
        -:  322://   while (state->deckCount[player] > 0) {
        -:  323://     card = floor(Random() * state->deckCount[player]);
        -:  324://     newDeck[newDeckPos] = state->deck[player][card];
        -:  325://     newDeckPos++;
        -:  326://     for (i = card; i < state->deckCount[player]-1; i++) {
        -:  327://       state->deck[player][i] = state->deck[player][i+1];
        -:  328://     }
        -:  329://     state->deckCount[player]--;
        -:  330://   }
        -:  331://   for (i = 0; i < newDeckPos; i++) {
        -:  332://     state->deck[player][i] = newDeck[i];
        -:  333://     state->deckCount[player]++;
        -:  334://   }
        -:  335://
        -:  336://   return 0;
        -:  337:// }
        -:  338://
        -:  339:// int playCard(int handPos, int choice1, int choice2, int choice3, struct gameState *state)
        -:  340:// {
        -:  341://   int card;
        -:  342://   int coin_bonus = 0; 		//tracks coins gain from actions
        -:  343://
        -:  344://   //check if it is the right phase
        -:  345://   if (state->phase != 0)
        -:  346://     {
        -:  347://       return -1;
        -:  348://     }
        -:  349://
        -:  350://   //check if player has enough actions
        -:  351://   if ( state->numActions < 1 )
        -:  352://     {
        -:  353://       return -1;
        -:  354://     }
        -:  355://
        -:  356://   //get card played
        -:  357://   card = handCard(handPos, state);
        -:  358://
        -:  359://   //check if selected card is an action
        -:  360://   if ( card < adventurer || card > treasure_map )
        -:  361://     {
        -:  362://       return -1;
        -:  363://     }
        -:  364://
        -:  365://   //play card
        -:  366://   if ( cardEffect(card, choice1, choice2, choice3, state, handPos, &coin_bonus) < 0 )
        -:  367://     {
        -:  368://       return -1;
        -:  369://     }
        -:  370://
        -:  371://   //reduce number of actions
        -:  372://   state->numActions--;
        -:  373://
        -:  374://   //update coins (Treasure cards may be added with card draws)
        -:  375://   updateCoins(state->whoseTurn, state, coin_bonus);
        -:  376://
        -:  377://   return 0;
        -:  378:// }
        -:  379://
        -:  380:// int buyCard(int supplyPos, struct gameState *state) {
        -:  381://   int who;
        -:  382://   if (DEBUG){
        -:  383://     printf("Entering buyCard...\n");
        -:  384://   }
        -:  385://
        -:  386://   // I don't know what to do about the phase thing.
        -:  387://
        -:  388://   who = state->whoseTurn;
        -:  389://
        -:  390://   if (state->numBuys < 1){
        -:  391://     if (DEBUG)
        -:  392://       printf("You do not have any buys left\n");
        -:  393://     return -1;
        -:  394://   } else if (supplyCount(supplyPos, state) <1){
        -:  395://     if (DEBUG)
        -:  396://       printf("There are not any of that type of card left\n");
        -:  397://     return -1;
        -:  398://   } else if (state->coins < getCost(supplyPos)){
        -:  399://     if (DEBUG)
        -:  400://       printf("You do not have enough money to buy that. You have %d coins.\n", state->coins);
        -:  401://     return -1;
        -:  402://   } else {
        -:  403://     state->phase=1;
        -:  404://     //state->supplyCount[supplyPos]--;
        -:  405://     gainCard(supplyPos, state, 0, who); //card goes in discard, this might be wrong.. (2 means goes into hand, 0 goes into discard)
        -:  406://
        -:  407://     state->coins = (state->coins) - (getCost(supplyPos));
        -:  408://     state->numBuys--;
        -:  409://     if (DEBUG)
        -:  410://       printf("You bought card number %d for %d coins. You now have %d buys and %d coins.\n", supplyPos, getCost(supplyPos), state->numBuys, state->coins);
        -:  411://   }
        -:  412://
        -:  413://   //state->discard[who][state->discardCount[who]] = supplyPos;
        -:  414://   //state->discardCount[who]++;
        -:  415://
        -:  416://   return 0;
        -:  417:// }
        -:  418://
        -:  419:// int numHandCards(struct gameState *state) {
        -:  420://   return state->handCount[ whoseTurn(state) ];
        -:  421:// }
        -:  422://
        -:  423:// int handCard(int handPos, struct gameState *state) {
        -:  424://   int currentPlayer = whoseTurn(state);
        -:  425://   return state->hand[currentPlayer][handPos];
        -:  426:// }
        -:  427://
        -:  428:// int supplyCount(int card, struct gameState *state) {
        -:  429://   return state->supplyCount[card];
        -:  430:// }
        -:  431://
        -:  432:// int fullDeckCount(int player, int card, struct gameState *state) {
        -:  433://   int i;
        -:  434://   int count = 0;
        -:  435://
        -:  436://   for (i = 0; i < state->deckCount[player]; i++)
        -:  437://     {
        -:  438://       if (state->deck[player][i] == card) count++;
        -:  439://     }
        -:  440://
        -:  441://   for (i = 0; i < state->handCount[player]; i++)
        -:  442://     {
        -:  443://       if (state->hand[player][i] == card) count++;
        -:  444://     }
        -:  445://
        -:  446://   for (i = 0; i < state->discardCount[player]; i++)
        -:  447://     {
        -:  448://       if (state->discard[player][i] == card) count++;
        -:  449://     }
        -:  450://
        -:  451://   return count;
        -:  452:// }
        -:  453://
        -:  454:// int whoseTurn(struct gameState *state) {
        -:  455://   return state->whoseTurn;
        -:  456:// }
        -:  457://
        -:  458:// int endTurn(struct gameState *state) {
        -:  459://   int k;
        -:  460://   int i;
        -:  461://   int currentPlayer = whoseTurn(state);
        -:  462://
        -:  463://   //Discard hand
        -:  464://   for (i = 0; i < state->handCount[currentPlayer]; i++){
        -:  465://     state->discard[currentPlayer][state->discardCount[currentPlayer]++] = state->hand[currentPlayer][i];//Discard
        -:  466://     state->hand[currentPlayer][i] = -1;//Set card to -1
        -:  467://   }
        -:  468://   state->handCount[currentPlayer] = 0;//Reset hand count
        -:  469://
        -:  470://   //Code for determining the player
        -:  471://   if (currentPlayer < (state->numPlayers - 1)){
        -:  472://     state->whoseTurn = currentPlayer + 1;//Still safe to increment
        -:  473://   }
        -:  474://   else{
        -:  475://     state->whoseTurn = 0;//Max player has been reached, loop back around to player 1
        -:  476://   }
        -:  477://
        -:  478://   state->outpostPlayed = 0;
        -:  479://   state->phase = 0;
        -:  480://   state->numActions = 1;
        -:  481://   state->coins = 0;
        -:  482://   state->numBuys = 1;
        -:  483://   state->playedCardCount = 0;
        -:  484://   state->handCount[state->whoseTurn] = 0;
        -:  485://
        -:  486://   //int k; move to top
        -:  487://   //Next player draws hand
        -:  488://   for (k = 0; k < 5; k++){
        -:  489://     drawCard(state->whoseTurn, state);//Draw a card
        -:  490://   }
        -:  491://
        -:  492://   //Update money
        -:  493://   updateCoins(state->whoseTurn, state , 0);
        -:  494://
        -:  495://   return 0;
        -:  496:// }
        -:  497://
        -:  498:// int isGameOver(struct gameState *state) {
        -:  499://   int i;
        -:  500://   int j;
        -:  501://
        -:  502://   //if stack of Province cards is empty, the game ends
        -:  503://   if (state->supplyCount[province] == 0)
        -:  504://     {
        -:  505://       return 1;
        -:  506://     }
        -:  507://
        -:  508://   //if three supply pile are at 0, the game ends
        -:  509://   j = 0;
        -:  510://   for (i = 0; i < 25; i++)
        -:  511://     {
        -:  512://       if (state->supplyCount[i] == 0)
        -:  513:// 	{
        -:  514:// 	  j++;
        -:  515:// 	}
        -:  516://     }
        -:  517://   if ( j >= 3)
        -:  518://     {
        -:  519://       return 1;
        -:  520://     }
        -:  521://
        -:  522://   return 0;
        -:  523:// }
        -:  524://
        -:  525:// int scoreFor (int player, struct gameState *state) {
        -:  526://
        -:  527://   int i;
        -:  528://   int score = 0;
        -:  529://   //score from hand
        -:  530://   for (i = 0; i < state->handCount[player]; i++)
        -:  531://     {
        -:  532://       if (state->hand[player][i] == curse) { score = score - 1; };
        -:  533://       if (state->hand[player][i] == estate) { score = score + 1; };
        -:  534://       if (state->hand[player][i] == duchy) { score = score + 3; };
        -:  535://       if (state->hand[player][i] == province) { score = score + 6; };
        -:  536://       if (state->hand[player][i] == great_hall) { score = score + 1; };
        -:  537://       if (state->hand[player][i] == gardens) { score = score + ( fullDeckCount(player, 0, state) / 10 ); };
        -:  538://     }
        -:  539://
        -:  540://   //score from discard
        -:  541://   for (i = 0; i < state->discardCount[player]; i++)
        -:  542://     {
        -:  543://       if (state->discard[player][i] == curse) { score = score - 1; };
        -:  544://       if (state->discard[player][i] == estate) { score = score + 1; };
        -:  545://       if (state->discard[player][i] == duchy) { score = score + 3; };
        -:  546://       if (state->discard[player][i] == province) { score = score + 6; };
        -:  547://       if (state->discard[player][i] == great_hall) { score = score + 1; };
        -:  548://       if (state->discard[player][i] == gardens) { score = score + ( fullDeckCount(player, 0, state) / 10 ); };
        -:  549://     }
        -:  550://
        -:  551://   //score from deck
        -:  552://   for (i = 0; i < state->discardCount[player]; i++)
        -:  553://     {
        -:  554://       if (state->deck[player][i] == curse) { score = score - 1; };
        -:  555://       if (state->deck[player][i] == estate) { score = score + 1; };
        -:  556://       if (state->deck[player][i] == duchy) { score = score + 3; };
        -:  557://       if (state->deck[player][i] == province) { score = score + 6; };
        -:  558://       if (state->deck[player][i] == great_hall) { score = score + 1; };
        -:  559://       if (state->deck[player][i] == gardens) { score = score + ( fullDeckCount(player, 0, state) / 10 ); };
        -:  560://     }
        -:  561://
        -:  562://   return score;
        -:  563:// }
        -:  564://
        -:  565:// int getWinners(int players[MAX_PLAYERS], struct gameState *state) {
        -:  566://   int i;
        -:  567://   int j;
        -:  568://   int highScore;
        -:  569://   int currentPlayer;
        -:  570://
        -:  571://   //get score for each player
        -:  572://   for (i = 0; i < MAX_PLAYERS; i++)
        -:  573://     {
        -:  574://       //set unused player scores to -9999
        -:  575://       if (i >= state->numPlayers)
        -:  576:// 	{
        -:  577:// 	  players[i] = -9999;
        -:  578:// 	}
        -:  579://       else
        -:  580:// 	{
        -:  581:// 	  players[i] = scoreFor (i, state);
        -:  582:// 	}
        -:  583://     }
        -:  584://
        -:  585://   //find highest score
        -:  586://   j = 0;
        -:  587://   for (i = 0; i < MAX_PLAYERS; i++)
        -:  588://     {
        -:  589://       if (players[i] > players[j])
        -:  590:// 	{
        -:  591:// 	  j = i;
        -:  592:// 	}
        -:  593://     }
        -:  594://   highScore = players[j];
        -:  595://
        -:  596://   //add 1 to players who had less turns
        -:  597://   currentPlayer = whoseTurn(state);
        -:  598://   for (i = 0; i < MAX_PLAYERS; i++)
        -:  599://     {
        -:  600://       if ( players[i] == highScore && i > currentPlayer )
        -:  601:// 	{
        -:  602:// 	  players[i]++;
        -:  603:// 	}
        -:  604://     }
        -:  605://
        -:  606://   //find new highest score
        -:  607://   j = 0;
        -:  608://   for (i = 0; i < MAX_PLAYERS; i++)
        -:  609://     {
        -:  610://       if ( players[i] > players[j] )
        -:  611:// 	{
        -:  612:// 	  j = i;
        -:  613:// 	}
        -:  614://     }
        -:  615://   highScore = players[j];
        -:  616://
        -:  617://   //set winners in array to 1 and rest to 0
        -:  618://   for (i = 0; i < MAX_PLAYERS; i++)
        -:  619://     {
        -:  620://       if ( players[i] == highScore )
        -:  621:// 	{
        -:  622:// 	  players[i] = 1;
        -:  623:// 	}
        -:  624://       else
        -:  625:// 	{
        -:  626:// 	  players[i] = 0;
        -:  627:// 	}
        -:  628://     }
        -:  629://
        -:  630://   return 0;
        -:  631:// }
        -:  632://
        -:  633:// int drawCard(int player, struct gameState *state)
        -:  634:// {	int count;
        -:  635://   int deckCounter;
        -:  636://   if (state->deckCount[player] <= 0){//Deck is empty
        -:  637://
        -:  638://     //Step 1 Shuffle the discard pile back into a deck
        -:  639://     int i;
        -:  640://     //Move discard to deck
        -:  641://     for (i = 0; i < state->discardCount[player];i++){
        -:  642://       state->deck[player][i] = state->discard[player][i];
        -:  643://       state->discard[player][i] = -1;
        -:  644://     }
        -:  645://
        -:  646://     state->deckCount[player] = state->discardCount[player];
        -:  647://     state->discardCount[player] = 0;//Reset discard
        -:  648://
        -:  649://     //Shufffle the deck
        -:  650://     shuffle(player, state);//Shuffle the deck up and make it so that we can draw
        -:  651://
        -:  652://     if (DEBUG){//Debug statements
        -:  653://       printf("Deck count now: %d\n", state->deckCount[player]);
        -:  654://     }
        -:  655://
        -:  656://     state->discardCount[player] = 0;
        -:  657://
        -:  658://     //Step 2 Draw Card
        -:  659://     count = state->handCount[player];//Get current player's hand count
        -:  660://
        -:  661://     if (DEBUG){//Debug statements
        -:  662://       printf("Current hand count: %d\n", count);
        -:  663://     }
        -:  664://
        -:  665://     deckCounter = state->deckCount[player];//Create a holder for the deck count
        -:  666://
        -:  667://     if (deckCounter == 0)
        -:  668://       return -1;
        -:  669://
        -:  670://     state->hand[player][count] = state->deck[player][deckCounter - 1];//Add card to hand
        -:  671://     state->deckCount[player]--;
        -:  672://     state->handCount[player]++;//Increment hand count
        -:  673://   }
        -:  674://
        -:  675://   else{
        -:  676://     int count = state->handCount[player];//Get current hand count for player
        -:  677://     int deckCounter;
        -:  678://     if (DEBUG){//Debug statements
        -:  679://       printf("Current hand count: %d\n", count);
        -:  680://     }
        -:  681://
        -:  682://     deckCounter = state->deckCount[player];//Create holder for the deck count
        -:  683://     state->hand[player][count] = state->deck[player][deckCounter - 1];//Add card to the hand
        -:  684://     state->deckCount[player]--;
        -:  685://     state->handCount[player]++;//Increment hand count
        -:  686://   }
        -:  687://
        -:  688://   return 0;
        -:  689:// }
        -:  690://
        -:  691:// int getCost(int cardNumber)
        -:  692:// {
        -:  693://   switch( cardNumber )
        -:  694://     {
        -:  695://     case curse:
        -:  696://       return 0;
        -:  697://     case estate:
        -:  698://       return 2;
        -:  699://     case duchy:
        -:  700://       return 5;
        -:  701://     case province:
        -:  702://       return 8;
        -:  703://     case copper:
        -:  704://       return 0;
        -:  705://     case silver:
        -:  706://       return 3;
        -:  707://     case gold:
        -:  708://       return 6;
        -:  709://     case adventurer:
        -:  710://       return 6;
        -:  711://     case council_room:
        -:  712://       return 5;
        -:  713://     case feast:
        -:  714://       return 4;
        -:  715://     case gardens:
        -:  716://       return 4;
        -:  717://     case mine:
        -:  718://       return 5;
        -:  719://     case remodel:
        -:  720://       return 4;
        -:  721://     case smithy:
        -:  722://       return 4;
        -:  723://     case village:
        -:  724://       return 3;
        -:  725://     case baron:
        -:  726://       return 4;
        -:  727://     case great_hall:
        -:  728://       return 3;
        -:  729://     case minion:
        -:  730://       return 5;
        -:  731://     case steward:
        -:  732://       return 3;
        -:  733://     case tribute:
        -:  734://       return 5;
        -:  735://     case ambassador:
        -:  736://       return 3;
        -:  737://     case cutpurse:
        -:  738://       return 4;
        -:  739://     case embargo:
        -:  740://       return 2;
        -:  741://     case outpost:
        -:  742://       return 5;
        -:  743://     case salvager:
        -:  744://       return 4;
        -:  745://     case sea_hag:
        -:  746://       return 4;
        -:  747://     case treasure_map:
        -:  748://       return 4;
        -:  749://     }
        -:  750://
        -:  751://   return -1;
        -:  752:// }
        -:  753://
        -:  754://
        -:  755:// //////////////CARD EFFECT/////////////////////////////////////////
        -:  756:// int cardEffect(int card, int choice1, int choice2, int choice3, struct gameState *state, int handPos, int *bonus)
        -:  757:// {
        -:  758://   int i;
        -:  759://   int j;
        -:  760://   int k;
        -:  761://   int x;
        -:  762://   int index;
        -:  763://   int currentPlayer = whoseTurn(state);
        -:  764://   int nextPlayer = currentPlayer + 1;
        -:  765://
        -:  766://   int tributeRevealedCards[2] = {-1, -1};
        -:  767://   int temphand[MAX_HAND];// moved above the if statement
        -:  768://   //int drawntreasure=0;
        -:  769://   //int cardDrawn;
        -:  770://   //int z=0;// this is the counter for the temp hand
        -:  771://   if (nextPlayer > (state->numPlayers - 1)){
        -:  772://     nextPlayer = 0;
        -:  773://   }
        -:  774://
        -:  775://
        -:  776://   //uses switch to select card and perform actions
        -:  777://   switch( card )
        -:  778://     {
        -:  779://     case adventurer:
        -:  780://
        -:  781:// 		refactorAdventurer(card, state, handPos);
        -:  782://
        -:  783://     case council_room:
        -:  784://       //+4 Cards
        -:  785://       for (i = 0; i < 4; i++)
        -:  786:// 	{
        -:  787:// 	  drawCard(currentPlayer, state);
        -:  788:// 	}
        -:  789://
        -:  790://       //+1 Buy
        -:  791://       state->numBuys++;
        -:  792://
        -:  793://       //Each other player draws a card
        -:  794://       for (i = 0; i < state->numPlayers; i++)
        -:  795:// 	{
        -:  796:// 	  if ( i != currentPlayer )
        -:  797:// 	    {
        -:  798:// 	      drawCard(i, state);
        -:  799:// 	    }
        -:  800:// 	}
        -:  801://
        -:  802://       //put played card in played card pile
        -:  803://       discardCard(handPos, currentPlayer, state, 0);
        -:  804://
        -:  805://       return 0;
        -:  806://
        -:  807://     case feast:
        -:  808://       //gain card with cost up to 5
        -:  809://       //Backup hand
        -:  810://       for (i = 0; i <= state->handCount[currentPlayer]; i++){
        -:  811:// 	temphand[i] = state->hand[currentPlayer][i];//Backup card
        -:  812:// 	state->hand[currentPlayer][i] = -1;//Set to nothing
        -:  813://       }
        -:  814://       //Backup hand
        -:  815://
        -:  816://       //Update Coins for Buy
        -:  817://       updateCoins(currentPlayer, state, 5);
        -:  818://       x = 1;//Condition to loop on
        -:  819://       while( x == 1) {//Buy one card
        -:  820:// 	if (supplyCount(choice1, state) <= 0){
        -:  821:// 	  if (DEBUG)
        -:  822:// 	    printf("None of that card left, sorry!\n");
        -:  823://
        -:  824:// 	  if (DEBUG){
        -:  825:// 	    printf("Cards Left: %d\n", supplyCount(choice1, state));
        -:  826:// 	  }
        -:  827:// 	}
        -:  828:// 	else if (state->coins < getCost(choice1)){
        -:  829:// 	  printf("That card is too expensive!\n");
        -:  830://
        -:  831:// 	  if (DEBUG){
        -:  832:// 	    printf("Coins: %d < %d\n", state->coins, getCost(choice1));
        -:  833:// 	  }
        -:  834:// 	}
        -:  835:// 	else{
        -:  836://
        -:  837:// 	  if (DEBUG){
        -:  838:// 	    printf("Deck Count: %d\n", state->handCount[currentPlayer] + state->deckCount[currentPlayer] + state->discardCount[currentPlayer]);
        -:  839:// 	  }
        -:  840://
        -:  841:// 	  gainCard(choice1, state, 0, currentPlayer);//Gain the card
        -:  842:// 	  x = 0;//No more buying cards
        -:  843://
        -:  844:// 	  if (DEBUG){
        -:  845:// 	    printf("Deck Count: %d\n", state->handCount[currentPlayer] + state->deckCount[currentPlayer] + state->discardCount[currentPlayer]);
        -:  846:// 	  }
        -:  847://
        -:  848:// 	}
        -:  849://       }
        -:  850://
        -:  851://       //Reset Hand
        -:  852://       for (i = 0; i <= state->handCount[currentPlayer]; i++){
        -:  853:// 	state->hand[currentPlayer][i] = temphand[i];
        -:  854:// 	temphand[i] = -1;
        -:  855://       }
        -:  856://       //Reset Hand
        -:  857://
        -:  858://       return 0;
        -:  859://
        -:  860://     case gardens:
        -:  861://       return -1;
        -:  862://
        -:  863://     case mine:
        -:  864://       j = state->hand[currentPlayer][choice1];  //store card we will trash
        -:  865://
        -:  866://       if (state->hand[currentPlayer][choice1] < copper || state->hand[currentPlayer][choice1] > gold)
        -:  867:// 	{
        -:  868:// 	  return -1;
        -:  869:// 	}
        -:  870://
        -:  871://       if (choice2 > treasure_map || choice2 < curse)
        -:  872:// 	{
        -:  873:// 	  return -1;
        -:  874:// 	}
        -:  875://
        -:  876://       if ( (getCost(state->hand[currentPlayer][choice1]) + 3) > getCost(choice2) )
        -:  877:// 	{
        -:  878:// 	  return -1;
        -:  879:// 	}
        -:  880://
        -:  881://       gainCard(choice2, state, 2, currentPlayer);
        -:  882://
        -:  883://       //discard card from hand
        -:  884://       discardCard(handPos, currentPlayer, state, 0);
        -:  885://
        -:  886://       //discard trashed card
        -:  887://       for (i = 0; i < state->handCount[currentPlayer]; i++)
        -:  888:// 	{
        -:  889:// 	  if (state->hand[currentPlayer][i] == j)
        -:  890:// 	    {
        -:  891:// 	      discardCard(i, currentPlayer, state, 0);
        -:  892:// 	      break;
        -:  893:// 	    }
        -:  894:// 	}
        -:  895://
        -:  896://       return 0;
        -:  897://
        -:  898://     case remodel:
        -:  899://       j = state->hand[currentPlayer][choice1];  //store card we will trash
        -:  900://
        -:  901://       if ( (getCost(state->hand[currentPlayer][choice1]) + 2) > getCost(choice2) )
        -:  902:// 	{
        -:  903:// 	  return -1;
        -:  904:// 	}
        -:  905://
        -:  906://       gainCard(choice2, state, 0, currentPlayer);
        -:  907://
        -:  908://       //discard card from hand
        -:  909://       discardCard(handPos, currentPlayer, state, 0);
        -:  910://
        -:  911://       //discard trashed card
        -:  912://       for (i = 0; i < state->handCount[currentPlayer]; i++)
        -:  913:// 	{
        -:  914:// 	  if (state->hand[currentPlayer][i] == j)
        -:  915:// 	    {
        -:  916:// 	      discardCard(i, currentPlayer, state, 0);
        -:  917:// 	      break;
        -:  918:// 	    }
        -:  919:// 	}
        -:  920://
        -:  921://
        -:  922://       return 0;
        -:  923://
        -:  924://     case smithy:
        -:  925://
        -:  926:// 	refactorSmithy(card, state, handPos);
        -:  927://
        -:  928://     case village:
        -:  929://
        -:  930:// 		refactorVillage(card, state, handPos);
        -:  931://
        -:  932://     case baron:
        -:  933://       state->numBuys++;//Increase buys by 1!
        -:  934://       if (choice1 > 0){//Boolean true or going to discard an estate
        -:  935:// 	int p = 0;//Iterator for hand!
        -:  936:// 	int card_not_discarded = 1;//Flag for discard set!
        -:  937:// 	while(card_not_discarded){
        -:  938:// 	  if (state->hand[currentPlayer][p] == estate){//Found an estate card!
        -:  939:// 	    state->coins += 4;//Add 4 coins to the amount of coins
        -:  940:// 	    state->discard[currentPlayer][state->discardCount[currentPlayer]] = state->hand[currentPlayer][p];
        -:  941:// 	    state->discardCount[currentPlayer]++;
        -:  942:// 	    for (;p < state->handCount[currentPlayer]; p++){
        -:  943:// 	      state->hand[currentPlayer][p] = state->hand[currentPlayer][p+1];
        -:  944:// 	    }
        -:  945:// 	    state->hand[currentPlayer][state->handCount[currentPlayer]] = -1;
        -:  946:// 	    state->handCount[currentPlayer]--;
        -:  947:// 	    card_not_discarded = 0;//Exit the loop
        -:  948:// 	  }
        -:  949:// 	  else if (p > state->handCount[currentPlayer]){
        -:  950:// 	    if(DEBUG) {
        -:  951:// 	      printf("No estate cards in your hand, invalid choice\n");
        -:  952:// 	      printf("Must gain an estate if there are any\n");
        -:  953:// 	    }
        -:  954:// 	    if (supplyCount(estate, state) > 0){
        -:  955:// 	      gainCard(estate, state, 0, currentPlayer);
        -:  956:// 	      state->supplyCount[estate]--;//Decrement estates
        -:  957:// 	      if (supplyCount(estate, state) == 0){
        -:  958:// 		isGameOver(state);
        -:  959:// 	      }
        -:  960:// 	    }
        -:  961:// 	    card_not_discarded = 0;//Exit the loop
        -:  962:// 	  }
        -:  963://
        -:  964:// 	  else{
        -:  965:// 	    p++;//Next card
        -:  966:// 	  }
        -:  967:// 	}
        -:  968://       }
        -:  969://
        -:  970://       else{
        -:  971:// 	if (supplyCount(estate, state) > 0){
        -:  972:// 	  gainCard(estate, state, 0, currentPlayer);//Gain an estate
        -:  973:// 	  state->supplyCount[estate]--;//Decrement Estates
        -:  974:// 	  if (supplyCount(estate, state) == 0){
        -:  975:// 	    isGameOver(state);
        -:  976:// 	  }
        -:  977:// 	}
        -:  978://       }
        -:  979://
        -:  980://
        -:  981://       return 0;
        -:  982://
        -:  983://     case great_hall:
        -:  984:// 		refactorGreatHall(card, state, handPos);
        -:  985://
        -:  986://     case minion:
        -:  987://       //+1 action
        -:  988://       state->numActions++;
        -:  989://
        -:  990://       //discard card from hand
        -:  991://       discardCard(handPos, currentPlayer, state, 0);
        -:  992://
        -:  993://       if (choice1)		//+2 coins
        -:  994:// 	{
        -:  995:// 	  state->coins = state->coins + 2;
        -:  996:// 	}
        -:  997://
        -:  998://       else if (choice2)		//discard hand, redraw 4, other players with 5+ cards discard hand and draw 4
        -:  999:// 	{
        -: 1000:// 	  //discard hand
        -: 1001:// 	  while(numHandCards(state) > 0)
        -: 1002:// 	    {
        -: 1003:// 	      discardCard(handPos, currentPlayer, state, 0);
        -: 1004:// 	    }
        -: 1005://
        -: 1006:// 	  //draw 4
        -: 1007:// 	  for (i = 0; i < 4; i++)
        -: 1008:// 	    {
        -: 1009:// 	      drawCard(currentPlayer, state);
        -: 1010:// 	    }
        -: 1011://
        -: 1012:// 	  //other players discard hand and redraw if hand size > 4
        -: 1013:// 	  for (i = 0; i < state->numPlayers; i++)
        -: 1014:// 	    {
        -: 1015:// 	      if (i != currentPlayer)
        -: 1016:// 		{
        -: 1017:// 		  if ( state->handCount[i] > 4 )
        -: 1018:// 		    {
        -: 1019:// 		      //discard hand
        -: 1020:// 		      while( state->handCount[i] > 0 )
        -: 1021:// 			{
        -: 1022:// 			  discardCard(handPos, i, state, 0);
        -: 1023:// 			}
        -: 1024://
        -: 1025:// 		      //draw 4
        -: 1026:// 		      for (j = 0; j < 4; j++)
        -: 1027:// 			{
        -: 1028:// 			  drawCard(i, state);
        -: 1029:// 			}
        -: 1030:// 		    }
        -: 1031:// 		}
        -: 1032:// 	    }
        -: 1033://
        -: 1034:// 	}
        -: 1035://       return 0;
        -: 1036://
        -: 1037://     case steward:
        -: 1038://       if (choice1 == 1)
        -: 1039:// 	{
        -: 1040:// 	  //+2 cards
        -: 1041:// 	  drawCard(currentPlayer, state);
        -: 1042:// 	  drawCard(currentPlayer, state);
        -: 1043:// 	}
        -: 1044://       else if (choice1 == 2)
        -: 1045:// 	{
        -: 1046:// 	  //+2 coins
        -: 1047:// 	  state->coins = state->coins + 2;
        -: 1048:// 	}
        -: 1049://       else
        -: 1050:// 	{
        -: 1051:// 	  //trash 2 cards in hand
        -: 1052:// 	  discardCard(choice2, currentPlayer, state, 1);
        -: 1053:// 	  discardCard(choice3, currentPlayer, state, 1);
        -: 1054:// 	}
        -: 1055://
        -: 1056://       //discard card from hand
        -: 1057://       discardCard(handPos, currentPlayer, state, 0);
        -: 1058://       return 0;
        -: 1059://
        -: 1060://     case tribute:
        -: 1061://       if ((state->discardCount[nextPlayer] + state->deckCount[nextPlayer]) <= 1){
        -: 1062:// 	if (state->deckCount[nextPlayer] > 0){
        -: 1063:// 	  tributeRevealedCards[0] = state->deck[nextPlayer][state->deckCount[nextPlayer]-1];
        -: 1064:// 	  state->deckCount[nextPlayer]--;
        -: 1065:// 	}
        -: 1066:// 	else if (state->discardCount[nextPlayer] > 0){
        -: 1067:// 	  tributeRevealedCards[0] = state->discard[nextPlayer][state->discardCount[nextPlayer]-1];
        -: 1068:// 	  state->discardCount[nextPlayer]--;
        -: 1069:// 	}
        -: 1070:// 	else{
        -: 1071:// 	  //No Card to Reveal
        -: 1072:// 	  if (DEBUG){
        -: 1073:// 	    printf("No cards to reveal\n");
        -: 1074:// 	  }
        -: 1075:// 	}
        -: 1076://       }
        -: 1077://
        -: 1078://       else{
        -: 1079:// 	if (state->deckCount[nextPlayer] == 0){
        -: 1080:// 	  for (i = 0; i < state->discardCount[nextPlayer]; i++){
        -: 1081:// 	    state->deck[nextPlayer][i] = state->discard[nextPlayer][i];//Move to deck
        -: 1082:// 	    state->deckCount[nextPlayer]++;
        -: 1083:// 	    state->discard[nextPlayer][i] = -1;
        -: 1084:// 	    state->discardCount[nextPlayer]--;
        -: 1085:// 	  }
        -: 1086://
        -: 1087:// 	  shuffle(nextPlayer,state);//Shuffle the deck
        -: 1088:// 	}
        -: 1089:// 	tributeRevealedCards[0] = state->deck[nextPlayer][state->deckCount[nextPlayer]-1];
        -: 1090:// 	state->deck[nextPlayer][state->deckCount[nextPlayer]--] = -1;
        -: 1091:// 	state->deckCount[nextPlayer]--;
        -: 1092:// 	tributeRevealedCards[1] = state->deck[nextPlayer][state->deckCount[nextPlayer]-1];
        -: 1093:// 	state->deck[nextPlayer][state->deckCount[nextPlayer]--] = -1;
        -: 1094:// 	state->deckCount[nextPlayer]--;
        -: 1095://       }
        -: 1096://
        -: 1097://       if (tributeRevealedCards[0] == tributeRevealedCards[1]){//If we have a duplicate card, just drop one
        -: 1098:// 	state->playedCards[state->playedCardCount] = tributeRevealedCards[1];
        -: 1099:// 	state->playedCardCount++;
        -: 1100:// 	tributeRevealedCards[1] = -1;
        -: 1101://       }
        -: 1102://
        -: 1103://       for (i = 0; i <= 2; i ++){
        -: 1104:// 	if (tributeRevealedCards[i] == copper || tributeRevealedCards[i] == silver || tributeRevealedCards[i] == gold){//Treasure cards
        -: 1105:// 	  state->coins += 2;
        -: 1106:// 	}
        -: 1107://
        -: 1108:// 	else if (tributeRevealedCards[i] == estate || tributeRevealedCards[i] == duchy || tributeRevealedCards[i] == province || tributeRevealedCards[i] == gardens || tributeRevealedCards[i] == great_hall){//Victory Card Found
        -: 1109:// 	  drawCard(currentPlayer, state);
        -: 1110:// 	  drawCard(currentPlayer, state);
        -: 1111:// 	}
        -: 1112:// 	else{//Action Card
        -: 1113:// 	  state->numActions = state->numActions + 2;
        -: 1114:// 	}
        -: 1115://       }
        -: 1116://
        -: 1117://       return 0;
        -: 1118://
        -: 1119://     case ambassador:
        -: 1120://       j = 0;		//used to check if player has enough cards to discard
        -: 1121://
        -: 1122://       if (choice2 > 2 || choice2 < 0)
        -: 1123:// 	{
        -: 1124:// 	  return -1;
        -: 1125:// 	}
        -: 1126://
        -: 1127://       if (choice1 == handPos)
        -: 1128:// 	{
        -: 1129:// 	  return -1;
        -: 1130:// 	}
        -: 1131://
        -: 1132://       for (i = 0; i < state->handCount[currentPlayer]; i++)
        -: 1133:// 	{
        -: 1134:// 	  if (i != handPos && i == state->hand[currentPlayer][choice1] && i != choice1)
        -: 1135:// 	    {
        -: 1136:// 	      j++;
        -: 1137:// 	    }
        -: 1138:// 	}
        -: 1139://       if (j < choice2)
        -: 1140:// 	{
        -: 1141:// 	  return -1;
        -: 1142:// 	}
        -: 1143://
        -: 1144://       if (DEBUG)
        -: 1145:// 	printf("Player %d reveals card number: %d\n", currentPlayer, state->hand[currentPlayer][choice1]);
        -: 1146://
        -: 1147://       //increase supply count for choosen card by amount being discarded
        -: 1148://       state->supplyCount[state->hand[currentPlayer][choice1]] += choice2;
        -: 1149://
        -: 1150://       //each other player gains a copy of revealed card
        -: 1151://       for (i = 0; i < state->numPlayers; i++)
        -: 1152:// 	{
        -: 1153:// 	  if (i != currentPlayer)
        -: 1154:// 	    {
        -: 1155:// 	      gainCard(state->hand[currentPlayer][choice1], state, 0, i);
        -: 1156:// 	    }
        -: 1157:// 	}
        -: 1158://
        -: 1159://       //discard played card from hand
        -: 1160://       discardCard(handPos, currentPlayer, state, 0);
        -: 1161://
        -: 1162://       //trash copies of cards returned to supply
        -: 1163://       for (j = 0; j < choice2; j++)
        -: 1164:// 	{
        -: 1165:// 	  for (i = 0; i < state->handCount[currentPlayer]; i++)
        -: 1166:// 	    {
        -: 1167:// 	      if (state->hand[currentPlayer][i] == state->hand[currentPlayer][choice1])
        -: 1168:// 		{
        -: 1169:// 		  discardCard(i, currentPlayer, state, 1);
        -: 1170:// 		  break;
        -: 1171:// 		}
        -: 1172:// 	    }
        -: 1173:// 	}
        -: 1174://
        -: 1175://       return 0;
        -: 1176://
        -: 1177://     case cutpurse:
        -: 1178://
        -: 1179://       updateCoins(currentPlayer, state, 2);
        -: 1180://       for (i = 0; i < state->numPlayers; i++)
        -: 1181:// 	{
        -: 1182:// 	  if (i != currentPlayer)
        -: 1183:// 	    {
        -: 1184:// 	      for (j = 0; j < state->handCount[i]; j++)
        -: 1185:// 		{
        -: 1186:// 		  if (state->hand[i][j] == copper)
        -: 1187:// 		    {
        -: 1188:// 		      discardCard(j, i, state, 0);
        -: 1189:// 		      break;
        -: 1190:// 		    }
        -: 1191:// 		  if (j == state->handCount[i])
        -: 1192:// 		    {
        -: 1193:// 		      for (k = 0; k < state->handCount[i]; k++)
        -: 1194:// 			{
        -: 1195:// 			  if (DEBUG)
        -: 1196:// 			    printf("Player %d reveals card number %d\n", i, state->hand[i][k]);
        -: 1197:// 			}
        -: 1198:// 		      break;
        -: 1199:// 		    }
        -: 1200:// 		}
        -: 1201://
        -: 1202:// 	    }
        -: 1203://
        -: 1204:// 	}
        -: 1205://
        -: 1206://       //discard played card from hand
        -: 1207://       discardCard(handPos, currentPlayer, state, 0);
        -: 1208://
        -: 1209://       return 0;
        -: 1210://
        -: 1211://
        -: 1212://     case embargo:
        -: 1213:// 		refactorEmbargo(card, choice1, state, handPos);
        -: 1214://
        -: 1215://     case outpost:
        -: 1216://       //set outpost flag
        -: 1217://       state->outpostPlayed++;
        -: 1218://
        -: 1219://       //discard card
        -: 1220://       discardCard(handPos, currentPlayer, state, 0);
        -: 1221://       return 0;
        -: 1222://
        -: 1223://     case salvager:
        -: 1224://       //+1 buy
        -: 1225://       state->numBuys++;
        -: 1226://
        -: 1227://       if (choice1)
        -: 1228:// 	{
        -: 1229:// 	  //gain coins equal to trashed card
        -: 1230:// 	  state->coins = state->coins + getCost( handCard(choice1, state) );
        -: 1231:// 	  //trash card
        -: 1232:// 	  discardCard(choice1, currentPlayer, state, 1);
        -: 1233:// 	}
        -: 1234://
        -: 1235://       //discard card
        -: 1236://       discardCard(handPos, currentPlayer, state, 0);
        -: 1237://       return 0;
        -: 1238://
        -: 1239://     case sea_hag:
        -: 1240://       for (i = 0; i < state->numPlayers; i++){
        -: 1241:// 	if (i != currentPlayer){
        -: 1242:// 	  state->discard[i][state->discardCount[i]] = state->deck[i][state->deckCount[i]--];			    state->deckCount[i]--;
        -: 1243:// 	  state->discardCount[i]++;
        -: 1244:// 	  state->deck[i][state->deckCount[i]--] = curse;//Top card now a curse
        -: 1245:// 	}
        -: 1246://       }
        -: 1247://       return 0;
        -: 1248://
        -: 1249://     case treasure_map:
        -: 1250://       //search hand for another treasure_map
        -: 1251://       index = -1;
        -: 1252://       for (i = 0; i < state->handCount[currentPlayer]; i++)
        -: 1253:// 	{
        -: 1254:// 	  if (state->hand[currentPlayer][i] == treasure_map && i != handPos)
        -: 1255:// 	    {
        -: 1256:// 	      index = i;
        -: 1257:// 	      break;
        -: 1258:// 	    }
        -: 1259:// 	}
        -: 1260://       if (index > -1)
        -: 1261:// 	{
        -: 1262:// 	  //trash both treasure cards
        -: 1263:// 	  discardCard(handPos, currentPlayer, state, 1);
        -: 1264:// 	  discardCard(index, currentPlayer, state, 1);
        -: 1265://
        -: 1266:// 	  //gain 4 Gold cards
        -: 1267:// 	  for (i = 0; i < 4; i++)
        -: 1268:// 	    {
        -: 1269:// 	      gainCard(gold, state, 1, currentPlayer);
        -: 1270:// 	    }
        -: 1271://
        -: 1272:// 	  //return success
        -: 1273:// 	  return 1;
        -: 1274:// 	}
        -: 1275://
        -: 1276://       //no second treasure_map found in hand
        -: 1277://       return -1;
        -: 1278://     }
        -: 1279://
        -: 1280://   return -1;
        -: 1281:// }
        -: 1282://
        -: 1283:// int discardCard(int handPos, int currentPlayer, struct gameState *state, int trashFlag)
        -: 1284:// {
        -: 1285://
        -: 1286://   //if card is not trashed, added to Played pile
        -: 1287://   if (trashFlag < 1)
        -: 1288://     {
        -: 1289://       //add card to played pile
        -: 1290://       state->playedCards[state->playedCardCount] = state->hand[currentPlayer][handPos];
        -: 1291://       state->playedCardCount++;
        -: 1292://     }
        -: 1293://
        -: 1294://   //set played card to -1
        -: 1295://   state->hand[currentPlayer][handPos] = -1;
        -: 1296://
        -: 1297://   //remove card from player's hand
        -: 1298://   if ( handPos == (state->handCount[currentPlayer] - 1) ) 	//last card in hand array is played
        -: 1299://     {
        -: 1300://       //reduce number of cards in hand
        -: 1301://       state->handCount[currentPlayer]--;
        -: 1302://     }
        -: 1303://   else if ( state->handCount[currentPlayer] == 1 ) //only one card in hand
        -: 1304://     {
        -: 1305://       //reduce number of cards in hand
        -: 1306://       state->handCount[currentPlayer]--;
        -: 1307://     }
        -: 1308://   else
        -: 1309://     {
        -: 1310://       //replace discarded card with last card in hand
        -: 1311://       state->hand[currentPlayer][handPos] = state->hand[currentPlayer][ (state->handCount[currentPlayer] - 1)];
        -: 1312://       //set last card to -1
        -: 1313://       state->hand[currentPlayer][state->handCount[currentPlayer] - 1] = -1;
        -: 1314://       //reduce number of cards in hand
        -: 1315://       state->handCount[currentPlayer]--;
        -: 1316://     }
        -: 1317://
        -: 1318://   return 0;
        -: 1319:// }
        -: 1320://
        -: 1321:// int gainCard(int supplyPos, struct gameState *state, int toFlag, int player)
        -: 1322:// {
        -: 1323://   //Note: supplyPos is enum of choosen card
        -: 1324://
        -: 1325://   //check if supply pile is empty (0) or card is not used in game (-1)
        -: 1326://   if ( supplyCount(supplyPos, state) < 1 )
        -: 1327://     {
        -: 1328://       return -1;
        -: 1329://     }
        -: 1330://
        -: 1331://   //added card for [whoseTurn] current player:
        -: 1332://   // toFlag = 0 : add to discard
        -: 1333://   // toFlag = 1 : add to deck
        -: 1334://   // toFlag = 2 : add to hand
        -: 1335://
        -: 1336://   if (toFlag == 1)
        -: 1337://     {
        -: 1338://       state->deck[ player ][ state->deckCount[player] ] = supplyPos;
        -: 1339://       state->deckCount[player]++;
        -: 1340://     }
        -: 1341://   else if (toFlag == 2)
        -: 1342://     {
        -: 1343://       state->hand[ player ][ state->handCount[player] ] = supplyPos;
        -: 1344://       state->handCount[player]++;
        -: 1345://     }
        -: 1346://   else
        -: 1347://     {
        -: 1348://       state->discard[player][ state->discardCount[player] ] = supplyPos;
        -: 1349://       state->discardCount[player]++;
        -: 1350://     }
        -: 1351://
        -: 1352://   //decrease number in supply pile
        -: 1353://   state->supplyCount[supplyPos]--;
        -: 1354://
        -: 1355://   return 0;
        -: 1356:// }
        -: 1357://
        -: 1358:// int updateCoins(int player, struct gameState *state, int bonus)
        -: 1359:// {
        -: 1360://   int i;
        -: 1361://
        -: 1362://   //reset coin count
        -: 1363://   state->coins = 0;
        -: 1364://
        -: 1365://   //add coins for each Treasure card in player's hand
        -: 1366://   for (i = 0; i < state->handCount[player]; i++)
        -: 1367://     {
        -: 1368://       if (state->hand[player][i] == copper)
        -: 1369:// 	{
        -: 1370:// 	  state->coins += 1;
        -: 1371:// 	}
        -: 1372://       else if (state->hand[player][i] == silver)
        -: 1373:// 	{
        -: 1374:// 	  state->coins += 2;
        -: 1375:// 	}
        -: 1376://       else if (state->hand[player][i] == gold)
        -: 1377:// 	{
        -: 1378:// 	  state->coins += 3;
        -: 1379:// 	}
        -: 1380://     }
        -: 1381://
        -: 1382://   //add bonus
        -: 1383://   state->coins += bonus;
        -: 1384://
        -: 1385://   return 0;
        -: 1386:// }
        -: 1387:
        -: 1388:
        -: 1389:
        -: 1390:
        -: 1391:
        -: 1392:
        -: 1393:
        -: 1394:
        -: 1395:
        -: 1396:
        -: 1397:#include "dominion.h"
        -: 1398:#include "dominion_helpers.h"
        -: 1399:#include "rngs.h"
        -: 1400:#include <stdio.h>
        -: 1401:#include <math.h>
        -: 1402:#include <stdlib.h>
        -: 1403:
function compare called 1311 returned 100% blocks executed 100%
        -: 1404:int compare(const void* a, const void* b) {
     1311: 1405:  if (*(int*)a > *(int*)b)
branch  0 taken 2%
branch  1 taken 98%
       21: 1406:    return 1;
     1290: 1407:  if (*(int*)a < *(int*)b)
branch  0 taken 35%
branch  1 taken 65%
      454: 1408:    return -1;
      836: 1409:  return 0;
     1311: 1410:}
        -: 1411:
function newGame called 0 returned 0% blocks executed 0%
        -: 1412:struct gameState* newGame() {
    #####: 1413:  struct gameState* g = malloc(sizeof(struct gameState));
    #####: 1414:  return g;
        -: 1415:}
        -: 1416:
function kingdomCards called 0 returned 0% blocks executed 0%
        -: 1417:int* kingdomCards(int k1, int k2, int k3, int k4, int k5, int k6, int k7,
        -: 1418:		  int k8, int k9, int k10) {
    #####: 1419:  int* k = malloc(10 * sizeof(int));
    #####: 1420:  k[0] = k1;
    #####: 1421:  k[1] = k2;
    #####: 1422:  k[2] = k3;
    #####: 1423:  k[3] = k4;
    #####: 1424:  k[4] = k5;
    #####: 1425:  k[5] = k6;
    #####: 1426:  k[6] = k7;
    #####: 1427:  k[7] = k8;
    #####: 1428:  k[8] = k9;
    #####: 1429:  k[9] = k10;
    #####: 1430:  return k;
        -: 1431:}
        -: 1432:
function initializeGame called 44 returned 100% blocks executed 83%
        -: 1433:int initializeGame(int numPlayers, int kingdomCards[10], int randomSeed,
        -: 1434:		   struct gameState *state) {
        -: 1435:
        -: 1436:  int i;
        -: 1437:  int j;
        -: 1438:  int it;
        -: 1439:  //set up random number generator
       44: 1440:  SelectStream(1);
       44: 1441:  PutSeed((long)randomSeed);
        -: 1442:
        -: 1443:  //check number of players
       88: 1444:  if (numPlayers > MAX_PLAYERS || numPlayers < 2)
branch  0 taken 100%
branch  1 taken 0%
branch  2 taken 0%
branch  3 taken 100%
        -: 1445:    {
    #####: 1446:      return -1;
        -: 1447:    }
        -: 1448:
        -: 1449:  //set number of players
       44: 1450:  state->numPlayers = numPlayers;
        -: 1451:
        -: 1452:  //check selected kingdom cards are different
      968: 1453:  for (i = 0; i < 10; i++)
branch  0 taken 91%
branch  1 taken 9%
        -: 1454:    {
     9680: 1455:      for (j = 0; j < 10; j++)
branch  0 taken 91%
branch  1 taken 9%
        -: 1456:        {
     8360: 1457:	  if (j != i && kingdomCards[j] == kingdomCards[i])
branch  0 taken 90%
branch  1 taken 10%
branch  2 taken 0%
branch  3 taken 100%
        -: 1458:	    {
    #####: 1459:	      return -1;
        -: 1460:	    }
     4400: 1461:        }
      440: 1462:    }
        -: 1463:
        -: 1464:
        -: 1465:  //initialize supply
        -: 1466:  ///////////////////////////////
        -: 1467:
        -: 1468:  //set number of Curse cards
       44: 1469:  if (numPlayers == 2)
branch  0 taken 100%
branch  1 taken 0%
        -: 1470:    {
       44: 1471:      state->supplyCount[curse] = 10;
       44: 1472:    }
    #####: 1473:  else if (numPlayers == 3)
branch  0 never executed
branch  1 never executed
        -: 1474:    {
    #####: 1475:      state->supplyCount[curse] = 20;
    #####: 1476:    }
        -: 1477:  else
        -: 1478:    {
    #####: 1479:      state->supplyCount[curse] = 30;
        -: 1480:    }
        -: 1481:
        -: 1482:  //set number of Victory cards
       44: 1483:  if (numPlayers == 2)
branch  0 taken 100%
branch  1 taken 0%
        -: 1484:    {
       44: 1485:      state->supplyCount[estate] = 8;
       44: 1486:      state->supplyCount[duchy] = 8;
       44: 1487:      state->supplyCount[province] = 8;
       44: 1488:    }
        -: 1489:  else
        -: 1490:    {
    #####: 1491:      state->supplyCount[estate] = 12;
    #####: 1492:      state->supplyCount[duchy] = 12;
    #####: 1493:      state->supplyCount[province] = 12;
        -: 1494:    }
        -: 1495:
        -: 1496:  //set number of Treasure cards
       44: 1497:  state->supplyCount[copper] = 60 - (7 * numPlayers);
       44: 1498:  state->supplyCount[silver] = 40;
       44: 1499:  state->supplyCount[gold] = 30;
        -: 1500:
        -: 1501:  //set number of Kingdom cards
     1848: 1502:  for (i = adventurer; i <= treasure_map; i++)       	//loop all cards
branch  0 taken 95%
branch  1 taken 5%
        -: 1503:    {
    14520: 1504:      for (j = 0; j < 10; j++)           		//loop chosen cards
branch  0 taken 94%
branch  1 taken 6%
        -: 1505:	{
     6820: 1506:	  if (kingdomCards[j] == i)
branch  0 taken 6%
branch  1 taken 94%
        -: 1507:	    {
        -: 1508:	      //check if card is a 'Victory' Kingdom card
      880: 1509:	      if (kingdomCards[j] == great_hall || kingdomCards[j] == gardens)
branch  0 taken 100%
branch  1 taken 0%
branch  2 taken 0%
branch  3 taken 100%
        -: 1510:		{
    #####: 1511:		  if (numPlayers == 2){
branch  0 never executed
branch  1 never executed
    #####: 1512:		    state->supplyCount[i] = 8;
    #####: 1513:		  }
    #####: 1514:		  else{ state->supplyCount[i] = 12; }
    #####: 1515:		}
        -: 1516:	      else
        -: 1517:		{
      440: 1518:		  state->supplyCount[i] = 10;
        -: 1519:		}
      440: 1520:	      break;
        -: 1521:	    }
        -: 1522:	  else    //card is not in the set choosen for the game
        -: 1523:	    {
     6380: 1524:	      state->supplyCount[i] = -1;
        -: 1525:	    }
     6380: 1526:	}
        -: 1527:
      880: 1528:    }
        -: 1529:
        -: 1530:  ////////////////////////
        -: 1531:  //supply intilization complete
        -: 1532:
        -: 1533:  //set player decks
      264: 1534:  for (i = 0; i < numPlayers; i++)
branch  0 taken 67%
branch  1 taken 33%
        -: 1535:    {
       88: 1536:      state->deckCount[i] = 0;
      704: 1537:      for (j = 0; j < 3; j++)
branch  0 taken 75%
branch  1 taken 25%
        -: 1538:	{
      264: 1539:	  state->deck[i][j] = estate;
      264: 1540:	  state->deckCount[i]++;
      264: 1541:	}
     1408: 1542:      for (j = 3; j < 10; j++)
branch  0 taken 88%
branch  1 taken 13%
        -: 1543:	{
      616: 1544:	  state->deck[i][j] = copper;
      616: 1545:	  state->deckCount[i]++;
      616: 1546:	}
       88: 1547:    }
        -: 1548:
        -: 1549:  //shuffle player decks
      264: 1550:  for (i = 0; i < numPlayers; i++)
branch  0 taken 67%
branch  1 taken 33%
        -: 1551:    {
       88: 1552:      if ( shuffle(i, state) < 0 )
branch  0 taken 0%
branch  1 taken 100%
        -: 1553:	{
    #####: 1554:	  return -1;
        -: 1555:	}
       88: 1556:    }
        -: 1557:
        -: 1558:  //draw player hands
      264: 1559:  for (i = 0; i < numPlayers; i++)
branch  0 taken 67%
branch  1 taken 33%
        -: 1560:    {
        -: 1561:      //initialize hand size to zero
       88: 1562:      state->handCount[i] = 0;
       88: 1563:      state->discardCount[i] = 0;
        -: 1564:      //draw 5 cards
        -: 1565:      // for (j = 0; j < 5; j++)
        -: 1566:      //	{
        -: 1567:      //	  drawCard(i, state);
        -: 1568:      //	}
       88: 1569:    }
        -: 1570:
        -: 1571:  //set embargo tokens to 0 for all supply piles
     2464: 1572:  for (i = 0; i <= treasure_map; i++)
branch  0 taken 96%
branch  1 taken 4%
        -: 1573:    {
     1188: 1574:      state->embargoTokens[i] = 0;
     1188: 1575:    }
        -: 1576:
        -: 1577:  //initialize first player's turn
       44: 1578:  state->outpostPlayed = 0;
       44: 1579:  state->phase = 0;
       44: 1580:  state->numActions = 1;
       44: 1581:  state->numBuys = 1;
       44: 1582:  state->playedCardCount = 0;
       44: 1583:  state->whoseTurn = 0;
       44: 1584:  state->handCount[state->whoseTurn] = 0;
        -: 1585:  //int it; move to top
        -: 1586:
        -: 1587:  //Moved draw cards to here, only drawing at the start of a turn
      528: 1588:  for (it = 0; it < 5; it++){
branch  0 taken 83%
branch  1 taken 17%
      220: 1589:    drawCard(state->whoseTurn, state);
      220: 1590:  }
        -: 1591:
       44: 1592:  updateCoins(state->whoseTurn, state, 0);
        -: 1593:
       44: 1594:  return 0;
       44: 1595:}
        -: 1596:
function shuffle called 117 returned 100% blocks executed 100%
        -: 1597:int shuffle(int player, struct gameState *state) {
        -: 1598:
        -: 1599:
        -: 1600:  int newDeck[MAX_DECK];
      117: 1601:  int newDeckPos = 0;
        -: 1602:  int card;
        -: 1603:  int i;
        -: 1604:
      117: 1605:  if (state->deckCount[player] < 1)
branch  0 taken 2%
branch  1 taken 98%
        2: 1606:    return -1;
      115: 1607:  qsort ((void*)(state->deck[player]), state->deckCount[player], sizeof(int), compare);
        -: 1608:  /* SORT CARDS IN DECK TO ENSURE DETERMINISM! */
        -: 1609:
     2170: 1610:  while (state->deckCount[player] > 0) {
branch  0 taken 89%
branch  1 taken 11%
      970: 1611:    card = floor(Random() * state->deckCount[player]);
      970: 1612:    newDeck[newDeckPos] = state->deck[player][card];
      970: 1613:    newDeckPos++;
     6560: 1614:    for (i = card; i < state->deckCount[player]-1; i++) {
branch  0 taken 70%
branch  1 taken 30%
     2310: 1615:      state->deck[player][i] = state->deck[player][i+1];
     2310: 1616:    }
      970: 1617:    state->deckCount[player]--;
        -: 1618:  }
     2170: 1619:  for (i = 0; i < newDeckPos; i++) {
branch  0 taken 89%
branch  1 taken 11%
      970: 1620:    state->deck[player][i] = newDeck[i];
      970: 1621:    state->deckCount[player]++;
      970: 1622:  }
        -: 1623:
      115: 1624:  return 0;
      117: 1625:}
        -: 1626:
function playCard called 0 returned 0% blocks executed 0%
        -: 1627:int playCard(int handPos, int choice1, int choice2, int choice3, struct gameState *state)
        -: 1628:{
        -: 1629:  int card;
    #####: 1630:  int coin_bonus = 0; 		//tracks coins gain from actions
        -: 1631:
        -: 1632:  //check if it is the right phase
    #####: 1633:  if (state->phase != 0)
branch  0 never executed
branch  1 never executed
        -: 1634:    {
    #####: 1635:      return -1;
        -: 1636:    }
        -: 1637:
        -: 1638:  //check if player has enough actions
    #####: 1639:  if ( state->numActions < 1 )
branch  0 never executed
branch  1 never executed
        -: 1640:    {
    #####: 1641:      return -1;
        -: 1642:    }
        -: 1643:
        -: 1644:  //get card played
    #####: 1645:  card = handCard(handPos, state);
        -: 1646:
        -: 1647:  //check if selected card is an action
    #####: 1648:  if ( card < adventurer || card > treasure_map )
branch  0 never executed
branch  1 never executed
branch  2 never executed
branch  3 never executed
        -: 1649:    {
    #####: 1650:      return -1;
        -: 1651:    }
        -: 1652:
        -: 1653:  //play card
    #####: 1654:  if ( cardEffect(card, choice1, choice2, choice3, state, handPos, &coin_bonus) < 0 )
branch  0 never executed
branch  1 never executed
        -: 1655:    {
    #####: 1656:      return -1;
        -: 1657:    }
        -: 1658:
        -: 1659:  //reduce number of actions
    #####: 1660:  state->numActions--;
        -: 1661:
        -: 1662:  //update coins (Treasure cards may be added with card draws)
    #####: 1663:  updateCoins(state->whoseTurn, state, coin_bonus);
        -: 1664:
    #####: 1665:  return 0;
    #####: 1666:}
        -: 1667:
function buyCard called 0 returned 0% blocks executed 0%
        -: 1668:int buyCard(int supplyPos, struct gameState *state) {
        -: 1669:  int who;
        -: 1670:  if (DEBUG){
        -: 1671:    printf("Entering buyCard...\n");
        -: 1672:  }
        -: 1673:
        -: 1674:  // I don't know what to do about the phase thing.
        -: 1675:
    #####: 1676:  who = state->whoseTurn;
        -: 1677:
    #####: 1678:  if (state->numBuys < 1){
branch  0 never executed
branch  1 never executed
        -: 1679:    if (DEBUG)
        -: 1680:      printf("You do not have any buys left\n");
    #####: 1681:    return -1;
    #####: 1682:  } else if (supplyCount(supplyPos, state) <1){
branch  0 never executed
branch  1 never executed
        -: 1683:    if (DEBUG)
        -: 1684:      printf("There are not any of that type of card left\n");
    #####: 1685:    return -1;
    #####: 1686:  } else if (state->coins < getCost(supplyPos)){
branch  0 never executed
branch  1 never executed
        -: 1687:    if (DEBUG)
        -: 1688:      printf("You do not have enough money to buy that. You have %d coins.\n", state->coins);
    #####: 1689:    return -1;
        -: 1690:  } else {
    #####: 1691:    state->phase=1;
        -: 1692:    //state->supplyCount[supplyPos]--;
    #####: 1693:    gainCard(supplyPos, state, 0, who); //card goes in discard, this might be wrong.. (2 means goes into hand, 0 goes into discard)
        -: 1694:
    #####: 1695:    state->coins = (state->coins) - (getCost(supplyPos));
    #####: 1696:    state->numBuys--;
        -: 1697:    if (DEBUG)
        -: 1698:      printf("You bought card number %d for %d coins. You now have %d buys and %d coins.\n", supplyPos, getCost(supplyPos), state->numBuys, state->coins);
        -: 1699:  }
        -: 1700:
        -: 1701:  //state->discard[who][state->discardCount[who]] = supplyPos;
        -: 1702:  //state->discardCount[who]++;
        -: 1703:
    #####: 1704:  return 0;
    #####: 1705:}
        -: 1706:
function numHandCards called 0 returned 0% blocks executed 0%
        -: 1707:int numHandCards(struct gameState *state) {
    #####: 1708:  return state->handCount[ whoseTurn(state) ];
        -: 1709:}
        -: 1710:
function handCard called 0 returned 0% blocks executed 0%
        -: 1711:int handCard(int handPos, struct gameState *state) {
    #####: 1712:  int currentPlayer = whoseTurn(state);
    #####: 1713:  return state->hand[currentPlayer][handPos];
        -: 1714:}
        -: 1715:
function supplyCount called 105 returned 100% blocks executed 100%
        -: 1716:int supplyCount(int card, struct gameState *state) {
      105: 1717:  return state->supplyCount[card];
        -: 1718:}
        -: 1719:
function fullDeckCount called 0 returned 0% blocks executed 0%
        -: 1720:int fullDeckCount(int player, int card, struct gameState *state) {
        -: 1721:  int i;
    #####: 1722:  int count = 0;
        -: 1723:
    #####: 1724:  for (i = 0; i < state->deckCount[player]; i++)
branch  0 never executed
branch  1 never executed
        -: 1725:    {
    #####: 1726:      if (state->deck[player][i] == card) count++;
branch  0 never executed
branch  1 never executed
    #####: 1727:    }
        -: 1728:
    #####: 1729:  for (i = 0; i < state->handCount[player]; i++)
branch  0 never executed
branch  1 never executed
        -: 1730:    {
    #####: 1731:      if (state->hand[player][i] == card) count++;
branch  0 never executed
branch  1 never executed
    #####: 1732:    }
        -: 1733:
    #####: 1734:  for (i = 0; i < state->discardCount[player]; i++)
branch  0 never executed
branch  1 never executed
        -: 1735:    {
    #####: 1736:      if (state->discard[player][i] == card) count++;
branch  0 never executed
branch  1 never executed
    #####: 1737:    }
        -: 1738:
    #####: 1739:  return count;
        -: 1740:}
        -: 1741:
function whoseTurn called 44 returned 100% blocks executed 100%
        -: 1742:int whoseTurn(struct gameState *state) {
       44: 1743:  return state->whoseTurn;
        -: 1744:}
        -: 1745:
function endTurn called 0 returned 0% blocks executed 0%
        -: 1746:int endTurn(struct gameState *state) {
        -: 1747:  int k;
        -: 1748:  int i;
    #####: 1749:  int currentPlayer = whoseTurn(state);
        -: 1750:
        -: 1751:  //Discard hand
    #####: 1752:  for (i = 0; i < state->handCount[currentPlayer]; i++){
branch  0 never executed
branch  1 never executed
    #####: 1753:    state->discard[currentPlayer][state->discardCount[currentPlayer]++] = state->hand[currentPlayer][i];//Discard
    #####: 1754:    state->hand[currentPlayer][i] = -1;//Set card to -1
    #####: 1755:  }
    #####: 1756:  state->handCount[currentPlayer] = 0;//Reset hand count
        -: 1757:
        -: 1758:  //Code for determining the player
    #####: 1759:  if (currentPlayer < (state->numPlayers - 1)){
branch  0 never executed
branch  1 never executed
    #####: 1760:    state->whoseTurn = currentPlayer + 1;//Still safe to increment
    #####: 1761:  }
        -: 1762:  else{
    #####: 1763:    state->whoseTurn = 0;//Max player has been reached, loop back around to player 1
        -: 1764:  }
        -: 1765:
    #####: 1766:  state->outpostPlayed = 0;
    #####: 1767:  state->phase = 0;
    #####: 1768:  state->numActions = 1;
    #####: 1769:  state->coins = 0;
    #####: 1770:  state->numBuys = 1;
    #####: 1771:  state->playedCardCount = 0;
    #####: 1772:  state->handCount[state->whoseTurn] = 0;
        -: 1773:
        -: 1774:  //int k; move to top
        -: 1775:  //Next player draws hand
    #####: 1776:  for (k = 0; k < 5; k++){
branch  0 never executed
branch  1 never executed
    #####: 1777:    drawCard(state->whoseTurn, state);//Draw a card
    #####: 1778:  }
        -: 1779:
        -: 1780:  //Update money
    #####: 1781:  updateCoins(state->whoseTurn, state , 0);
        -: 1782:
    #####: 1783:  return 0;
        -: 1784:}
        -: 1785:
function isGameOver called 0 returned 0% blocks executed 0%
        -: 1786:int isGameOver(struct gameState *state) {
        -: 1787:  int i;
        -: 1788:  int j;
        -: 1789:
        -: 1790:  //if stack of Province cards is empty, the game ends
    #####: 1791:  if (state->supplyCount[province] == 0)
branch  0 never executed
branch  1 never executed
        -: 1792:    {
    #####: 1793:      return 1;
        -: 1794:    }
        -: 1795:
        -: 1796:  //if three supply pile are at 0, the game ends
    #####: 1797:  j = 0;
    #####: 1798:  for (i = 0; i < 25; i++)
branch  0 never executed
branch  1 never executed
        -: 1799:    {
    #####: 1800:      if (state->supplyCount[i] == 0)
branch  0 never executed
branch  1 never executed
        -: 1801:	{
    #####: 1802:	  j++;
    #####: 1803:	}
    #####: 1804:    }
    #####: 1805:  if ( j >= 3)
branch  0 never executed
branch  1 never executed
        -: 1806:    {
    #####: 1807:      return 1;
        -: 1808:    }
        -: 1809:
    #####: 1810:  return 0;
    #####: 1811:}
        -: 1812:
function scoreFor called 0 returned 0% blocks executed 0%
        -: 1813:int scoreFor (int player, struct gameState *state) {
        -: 1814:
        -: 1815:  int i;
    #####: 1816:  int score = 0;
        -: 1817:  //score from hand
    #####: 1818:  for (i = 0; i < state->handCount[player]; i++)
branch  0 never executed
branch  1 never executed
        -: 1819:    {
    #####: 1820:      if (state->hand[player][i] == curse) { score = score - 1; };
branch  0 never executed
branch  1 never executed
    #####: 1821:      if (state->hand[player][i] == estate) { score = score + 1; };
branch  0 never executed
branch  1 never executed
    #####: 1822:      if (state->hand[player][i] == duchy) { score = score + 3; };
branch  0 never executed
branch  1 never executed
    #####: 1823:      if (state->hand[player][i] == province) { score = score + 6; };
branch  0 never executed
branch  1 never executed
    #####: 1824:      if (state->hand[player][i] == great_hall) { score = score + 1; };
branch  0 never executed
branch  1 never executed
    #####: 1825:      if (state->hand[player][i] == gardens) { score = score + ( fullDeckCount(player, 0, state) / 10 ); };
branch  0 never executed
branch  1 never executed
    #####: 1826:    }
        -: 1827:
        -: 1828:  //score from discard
    #####: 1829:  for (i = 0; i < state->discardCount[player]; i++)
branch  0 never executed
branch  1 never executed
        -: 1830:    {
    #####: 1831:      if (state->discard[player][i] == curse) { score = score - 1; };
branch  0 never executed
branch  1 never executed
    #####: 1832:      if (state->discard[player][i] == estate) { score = score + 1; };
branch  0 never executed
branch  1 never executed
    #####: 1833:      if (state->discard[player][i] == duchy) { score = score + 3; };
branch  0 never executed
[...]
    #####: 2332:	}
        -: 2333:      }
        -: 2334:
        -: 2335:
    #####: 2336:      return 0;
        -: 2337:
        -: 2338:    case great_hall:
        -: 2339:      //+1 Card
    #####: 2340:      drawCard(currentPlayer, state);
        -: 2341:
        -: 2342:      //+1 Actions
    #####: 2343:      state->numActions++;
        -: 2344:
        -: 2345:      //discard card from hand
    #####: 2346:      discardCard(handPos, currentPlayer, state, 0);
    #####: 2347:      return 0;
        -: 2348:
        -: 2349:    case minion:
        -: 2350:      //+1 action
    #####: 2351:      state->numActions++;
        -: 2352:
        -: 2353:      //discard card from hand
    #####: 2354:      discardCard(handPos, currentPlayer, state, 0);
        -: 2355:
    #####: 2356:      if (choice1)		//+2 coins
branch  0 never executed
branch  1 never executed
        -: 2357:	{
    #####: 2358:	  state->coins = state->coins + 2;
    #####: 2359:	}
        -: 2360:
    #####: 2361:      else if (choice2)		//discard hand, redraw 4, other players with 5+ cards discard hand and draw 4
branch  0 never executed
branch  1 never executed
        -: 2362:	{
        -: 2363:	  //discard hand
    #####: 2364:	  while(numHandCards(state) > 0)
branch  0 never executed
branch  1 never executed
        -: 2365:	    {
    #####: 2366:	      discardCard(handPos, currentPlayer, state, 0);
        -: 2367:	    }
        -: 2368:
        -: 2369:	  //draw 4
    #####: 2370:	  for (i = 0; i < 4; i++)
branch  0 never executed
branch  1 never executed
        -: 2371:	    {
    #####: 2372:	      drawCard(currentPlayer, state);
    #####: 2373:	    }
        -: 2374:
        -: 2375:	  //other players discard hand and redraw if hand size > 4
    #####: 2376:	  for (i = 0; i < state->numPlayers; i++)
branch  0 never executed
branch  1 never executed
        -: 2377:	    {
    #####: 2378:	      if (i != currentPlayer)
branch  0 never executed
branch  1 never executed
        -: 2379:		{
    #####: 2380:		  if ( state->handCount[i] > 4 )
branch  0 never executed
branch  1 never executed
        -: 2381:		    {
        -: 2382:		      //discard hand
    #####: 2383:		      while( state->handCount[i] > 0 )
branch  0 never executed
branch  1 never executed
        -: 2384:			{
    #####: 2385:			  discardCard(handPos, i, state, 0);
        -: 2386:			}
        -: 2387:
        -: 2388:		      //draw 4
    #####: 2389:		      for (j = 0; j < 4; j++)
branch  0 never executed
branch  1 never executed
        -: 2390:			{
    #####: 2391:			  drawCard(i, state);
    #####: 2392:			}
    #####: 2393:		    }
    #####: 2394:		}
    #####: 2395:	    }
        -: 2396:
    #####: 2397:	}
    #####: 2398:      return 0;
        -: 2399:
        -: 2400:    case steward:
    #####: 2401:      if (choice1 == 1)
branch  0 never executed
branch  1 never executed
        -: 2402:	{
        -: 2403:	  //+2 cards
    #####: 2404:	  drawCard(currentPlayer, state);
    #####: 2405:	  drawCard(currentPlayer, state);
    #####: 2406:	}
    #####: 2407:      else if (choice1 == 2)
branch  0 never executed
branch  1 never executed
        -: 2408:	{
        -: 2409:	  //+2 coins
    #####: 2410:	  state->coins = state->coins + 2;
    #####: 2411:	}
        -: 2412:      else
        -: 2413:	{
        -: 2414:	  //trash 2 cards in hand
    #####: 2415:	  discardCard(choice2, currentPlayer, state, 1);
    #####: 2416:	  discardCard(choice3, currentPlayer, state, 1);
        -: 2417:	}
        -: 2418:
        -: 2419:      //discard card from hand
    #####: 2420:      discardCard(handPos, currentPlayer, state, 0);
    #####: 2421:      return 0;
        -: 2422:
        -: 2423:    case tribute:
    #####: 2424:      if ((state->discardCount[nextPlayer] + state->deckCount[nextPlayer]) <= 1){
branch  0 never executed
branch  1 never executed
    #####: 2425:	if (state->deckCount[nextPlayer] > 0){
branch  0 never executed
branch  1 never executed
    #####: 2426:	  tributeRevealedCards[0] = state->deck[nextPlayer][state->deckCount[nextPlayer]-1];
    #####: 2427:	  state->deckCount[nextPlayer]--;
    #####: 2428:	}
    #####: 2429:	else if (state->discardCount[nextPlayer] > 0){
branch  0 never executed
branch  1 never executed
    #####: 2430:	  tributeRevealedCards[0] = state->discard[nextPlayer][state->discardCount[nextPlayer]-1];
    #####: 2431:	  state->discardCount[nextPlayer]--;
    #####: 2432:	}
        -: 2433:	else{
        -: 2434:	  //No Card to Reveal
        -: 2435:	  if (DEBUG){
        -: 2436:	    printf("No cards to reveal\n");
        -: 2437:	  }
        -: 2438:	}
    #####: 2439:      }
        -: 2440:
        -: 2441:      else{
    #####: 2442:	if (state->deckCount[nextPlayer] == 0){
branch  0 never executed
branch  1 never executed
    #####: 2443:	  for (i = 0; i < state->discardCount[nextPlayer]; i++){
branch  0 never executed
branch  1 never executed
    #####: 2444:	    state->deck[nextPlayer][i] = state->discard[nextPlayer][i];//Move to deck
    #####: 2445:	    state->deckCount[nextPlayer]++;
    #####: 2446:	    state->discard[nextPlayer][i] = -1;
    #####: 2447:	    state->discardCount[nextPlayer]--;
    #####: 2448:	  }
        -: 2449:
    #####: 2450:	  shuffle(nextPlayer,state);//Shuffle the deck
    #####: 2451:	}
    #####: 2452:	tributeRevealedCards[0] = state->deck[nextPlayer][state->deckCount[nextPlayer]-1];
    #####: 2453:	state->deck[nextPlayer][state->deckCount[nextPlayer]--] = -1;
    #####: 2454:	state->deckCount[nextPlayer]--;
    #####: 2455:	tributeRevealedCards[1] = state->deck[nextPlayer][state->deckCount[nextPlayer]-1];
    #####: 2456:	state->deck[nextPlayer][state->deckCount[nextPlayer]--] = -1;
    #####: 2457:	state->deckCount[nextPlayer]--;
        -: 2458:      }
        -: 2459:
    #####: 2460:      if (tributeRevealedCards[0] == tributeRevealedCards[1]){//If we have a duplicate card, just drop one
branch  0 never executed
branch  1 never executed
    #####: 2461:	state->playedCards[state->playedCardCount] = tributeRevealedCards[1];
    #####: 2462:	state->playedCardCount++;
    #####: 2463:	tributeRevealedCards[1] = -1;
    #####: 2464:      }
        -: 2465:
    #####: 2466:      for (i = 0; i <= 2; i ++){
branch  0 never executed
branch  1 never executed
    #####: 2467:	if (tributeRevealedCards[i] == copper || tributeRevealedCards[i] == silver || tributeRevealedCards[i] == gold){//Treasure cards
branch  0 never executed
branch  1 never executed
branch  2 never executed
branch  3 never executed
branch  4 never executed
branch  5 never executed
    #####: 2468:	  state->coins += 2;
    #####: 2469:	}
        -: 2470:
    #####: 2471:	else if (tributeRevealedCards[i] == estate || tributeRevealedCards[i] == duchy || tributeRevealedCards[i] == province || tributeRevealedCards[i] == gardens || tributeRevealedCards[i] == great_hall){//Victory Card Found
branch  0 never executed
branch  1 never executed
branch  2 never executed
branch  3 never executed
branch  4 never executed
branch  5 never executed
branch  6 never executed
branch  7 never executed
branch  8 never executed
branch  9 never executed
    #####: 2472:	  drawCard(currentPlayer, state);
    #####: 2473:	  drawCard(currentPlayer, state);
    #####: 2474:	}
        -: 2475:	else{//Action Card
    #####: 2476:	  state->numActions = state->numActions + 2;
        -: 2477:	}
    #####: 2478:      }
        -: 2479:
    #####: 2480:      return 0;
        -: 2481:
        -: 2482:    case ambassador:
    #####: 2483:      j = 0;		//used to check if player has enough cards to discard
        -: 2484:
    #####: 2485:      if (choice2 > 2 || choice2 < 0)
branch  0 never executed
branch  1 never executed
branch  2 never executed
branch  3 never executed
        -: 2486:	{
    #####: 2487:	  return -1;
        -: 2488:	}
        -: 2489:
    #####: 2490:      if (choice1 == handPos)
branch  0 never executed
branch  1 never executed
        -: 2491:	{
    #####: 2492:	  return -1;
        -: 2493:	}
        -: 2494:
    #####: 2495:      for (i = 0; i < state->handCount[currentPlayer]; i++)
branch  0 never executed
branch  1 never executed
        -: 2496:	{
    #####: 2497:	  if (i != handPos && i == state->hand[currentPlayer][choice1] && i != choice1)
branch  0 never executed
branch  1 never executed
branch  2 never executed
branch  3 never executed
branch  4 never executed
branch  5 never executed
        -: 2498:	    {
    #####: 2499:	      j++;
    #####: 2500:	    }
    #####: 2501:	}
    #####: 2502:      if (j < choice2)
branch  0 never executed
branch  1 never executed
        -: 2503:	{
    #####: 2504:	  return -1;
        -: 2505:	}
        -: 2506:
        -: 2507:      if (DEBUG)
        -: 2508:	printf("Player %d reveals card number: %d\n", currentPlayer, state->hand[currentPlayer][choice1]);
        -: 2509:
        -: 2510:      //increase supply count for choosen card by amount being discarded
    #####: 2511:      state->supplyCount[state->hand[currentPlayer][choice1]] += choice2;
        -: 2512:
        -: 2513:      //each other player gains a copy of revealed card
    #####: 2514:      for (i = 0; i < state->numPlayers; i++)
branch  0 never executed
branch  1 never executed
        -: 2515:	{
    #####: 2516:	  if (i != currentPlayer)
branch  0 never executed
branch  1 never executed
        -: 2517:	    {
    #####: 2518:	      gainCard(state->hand[currentPlayer][choice1], state, 0, i);
    #####: 2519:	    }
    #####: 2520:	}
        -: 2521:
        -: 2522:      //discard played card from hand
    #####: 2523:      discardCard(handPos, currentPlayer, state, 0);
        -: 2524:
        -: 2525:      //trash copies of cards returned to supply
    #####: 2526:      for (j = 0; j < choice2; j++)
branch  0 never executed
branch  1 never executed
        -: 2527:	{
    #####: 2528:	  for (i = 0; i < state->handCount[currentPlayer]; i++)
branch  0 never executed
branch  1 never executed
        -: 2529:	    {
    #####: 2530:	      if (state->hand[currentPlayer][i] == state->hand[currentPlayer][choice1])
branch  0 never executed
branch  1 never executed
        -: 2531:		{
    #####: 2532:		  discardCard(i, currentPlayer, state, 1);
    #####: 2533:		  break;
        -: 2534:		}
    #####: 2535:	    }
    #####: 2536:	}
        -: 2537:
    #####: 2538:      return 0;
        -: 2539:
        -: 2540:    case cutpurse:
        -: 2541:
    #####: 2542:      updateCoins(currentPlayer, state, 2);
    #####: 2543:      for (i = 0; i < state->numPlayers; i++)
branch  0 never executed
branch  1 never executed
        -: 2544:	{
    #####: 2545:	  if (i != currentPlayer)
branch  0 never executed
branch  1 never executed
        -: 2546:	    {
    #####: 2547:	      for (j = 0; j < state->handCount[i]; j++)
branch  0 never executed
branch  1 never executed
        -: 2548:		{
    #####: 2549:		  if (state->hand[i][j] == copper)
branch  0 never executed
branch  1 never executed
        -: 2550:		    {
    #####: 2551:		      discardCard(j, i, state, 0);
    #####: 2552:		      break;
        -: 2553:		    }
    #####: 2554:		  if (j == state->handCount[i])
branch  0 never executed
branch  1 never executed
        -: 2555:		    {
    #####: 2556:		      for (k = 0; k < state->handCount[i]; k++)
branch  0 never executed
branch  1 never executed
        -: 2557:			{
        -: 2558:			  if (DEBUG)
        -: 2559:			    printf("Player %d reveals card number %d\n", i, state->hand[i][k]);
    #####: 2560:			}
    #####: 2561:		      break;
        -: 2562:		    }
    #####: 2563:		}
        -: 2564:
    #####: 2565:	    }
        -: 2566:
    #####: 2567:	}
        -: 2568:
        -: 2569:      //discard played card from hand
    #####: 2570:      discardCard(handPos, currentPlayer, state, 0);
        -: 2571:
    #####: 2572:      return 0;
        -: 2573:
        -: 2574:
        -: 2575:    case embargo:
        -: 2576:      //+2 Coins
    #####: 2577:      state->coins = state->coins + 2;
        -: 2578:
        -: 2579:      //see if selected pile is in play
    #####: 2580:      if ( state->supplyCount[choice1] == -1 )
branch  0 never executed
branch  1 never executed
        -: 2581:	{
    #####: 2582:	  return -1;
        -: 2583:	}
        -: 2584:
        -: 2585:      //add embargo token to selected supply pile
    #####: 2586:      state->embargoTokens[choice1]++;
        -: 2587:
        -: 2588:      //trash card
    #####: 2589:      discardCard(handPos, currentPlayer, state, 1);
    #####: 2590:      return 0;
        -: 2591:
        -: 2592:    case outpost:
        -: 2593:      //set outpost flag
    #####: 2594:      state->outpostPlayed++;
        -: 2595:
        -: 2596:      //discard card
    #####: 2597:      discardCard(handPos, currentPlayer, state, 0);
    #####: 2598:      return 0;
        -: 2599:
        -: 2600:    case salvager:
        -: 2601:      //+1 buy
    #####: 2602:      state->numBuys++;
        -: 2603:
    #####: 2604:      if (choice1)
branch  0 never executed
branch  1 never executed
        -: 2605:	{
        -: 2606:	  //gain coins equal to trashed card
    #####: 2607:	  state->coins = state->coins + getCost( handCard(choice1, state) );
        -: 2608:	  //trash card
    #####: 2609:	  discardCard(choice1, currentPlayer, state, 1);
    #####: 2610:	}
        -: 2611:
        -: 2612:      //discard card
    #####: 2613:      discardCard(handPos, currentPlayer, state, 0);
    #####: 2614:      return 0;
        -: 2615:
        -: 2616:    case sea_hag:
    #####: 2617:      return sea_hagEffect(currentPlayer, state);
        -: 2618:
        -: 2619:    case treasure_map:
        -: 2620:      //search hand for another treasure_map
    #####: 2621:      index = -1;
    #####: 2622:      for (i = 0; i < state->handCount[currentPlayer]; i++)
branch  0 never executed
branch  1 never executed
        -: 2623:	{
    #####: 2624:	  if (state->hand[currentPlayer][i] == treasure_map && i != handPos)
branch  0 never executed
branch  1 never executed
branch  2 never executed
branch  3 never executed
        -: 2625:	    {
    #####: 2626:	      index = i;
    #####: 2627:	      break;
        -: 2628:	    }
    #####: 2629:	}
    #####: 2630:      if (index > -1)
branch  0 never executed
branch  1 never executed
        -: 2631:	{
        -: 2632:	  //trash both treasure cards
    #####: 2633:	  discardCard(handPos, currentPlayer, state, 1);
    #####: 2634:	  discardCard(index, currentPlayer, state, 1);
        -: 2635:
        -: 2636:	  //gain 4 Gold cards
    #####: 2637:	  for (i = 0; i < 4; i++)
branch  0 never executed
branch  1 never executed
        -: 2638:	    {
    #####: 2639:	      gainCard(gold, state, 1, currentPlayer);
    #####: 2640:	    }
        -: 2641:
        -: 2642:	  //return success
    #####: 2643:	  return 1;
        -: 2644:	}
        -: 2645:
        -: 2646:      //no second treasure_map found in hand
    #####: 2647:      return -1;
        -: 2648:    }
        -: 2649:
    #####: 2650:  return -1;
       44: 2651:}
        -: 2652:
function discardCard called 133 returned 100% blocks executed 90%
        -: 2653:int discardCard(int handPos, int currentPlayer, struct gameState *state, int trashFlag)
        -: 2654:{
        -: 2655:
        -: 2656:  //if card is not trashed, added to Played pile
      133: 2657:  if (trashFlag < 1)
branch  0 taken 100%
branch  1 taken 0%
        -: 2658:    {
        -: 2659:      //add card to played pile
      133: 2660:      state->playedCards[state->playedCardCount] = state->hand[currentPlayer][handPos];
      133: 2661:      state->playedCardCount++;
      133: 2662:    }
        -: 2663:
        -: 2664:  //set played card to -1
      133: 2665:  state->hand[currentPlayer][handPos] = -1;
        -: 2666:
        -: 2667:  //remove card from player's hand
      133: 2668:  if ( handPos == (state->handCount[currentPlayer] - 1) ) 	//last card in hand array is played
branch  0 taken 75%
branch  1 taken 25%
        -: 2669:    {
        -: 2670:      //reduce number of cards in hand
      100: 2671:      state->handCount[currentPlayer]--;
      100: 2672:    }
       33: 2673:  else if ( state->handCount[currentPlayer] == 1 ) //only one card in hand
branch  0 taken 0%
branch  1 taken 100%
        -: 2674:    {
        -: 2675:      //reduce number of cards in hand
    #####: 2676:      state->handCount[currentPlayer]--;
    #####: 2677:    }
        -: 2678:  else
        -: 2679:    {
        -: 2680:      //replace discarded card with last card in hand
       33: 2681:      state->hand[currentPlayer][handPos] = state->hand[currentPlayer][ (state->handCount[currentPlayer] - 1)];
        -: 2682:      //set last card to -1
       33: 2683:      state->hand[currentPlayer][state->handCount[currentPlayer] - 1] = -1;
        -: 2684:      //reduce number of cards in hand
       33: 2685:      state->handCount[currentPlayer]--;
        -: 2686:    }
        -: 2687:
      133: 2688:  return 0;
        -: 2689:}
        -: 2690:
function gainCard called 105 returned 100% blocks executed 81%
        -: 2691:int gainCard(int supplyPos, struct gameState *state, int toFlag, int player)
        -: 2692:{
        -: 2693:  //Note: supplyPos is enum of choosen card
        -: 2694:
        -: 2695:  //check if supply pile is empty (0) or card is not used in game (-1)
      105: 2696:  if ( supplyCount(supplyPos, state) < 1 )
branch  0 taken 0%
branch  1 taken 100%
        -: 2697:    {
    #####: 2698:      return -1;
        -: 2699:    }
        -: 2700:
        -: 2701:  //added card for [whoseTurn] current player:
        -: 2702:  // toFlag = 0 : add to discard
        -: 2703:  // toFlag = 1 : add to deck
        -: 2704:  // toFlag = 2 : add to hand
        -: 2705:
      105: 2706:  if (toFlag == 1)
branch  0 taken 5%
branch  1 taken 95%
        -: 2707:    {
        5: 2708:      state->deck[ player ][ state->deckCount[player] ] = supplyPos;
        5: 2709:      state->deckCount[player]++;
        5: 2710:    }
      100: 2711:  else if (toFlag == 2)
branch  0 taken 0%
branch  1 taken 100%
        -: 2712:    {
    #####: 2713:      state->hand[ player ][ state->handCount[player] ] = supplyPos;
    #####: 2714:      state->handCount[player]++;
    #####: 2715:    }
        -: 2716:  else
        -: 2717:    {
      100: 2718:      state->discard[player][ state->discardCount[player] ] = supplyPos;
      100: 2719:      state->discardCount[player]++;
        -: 2720:    }
        -: 2721:
        -: 2722:  //decrease number in supply pile
      105: 2723:  state->supplyCount[supplyPos]--;
        -: 2724:
      105: 2725:  return 0;
      105: 2726:}
        -: 2727:
function updateCoins called 44 returned 100% blocks executed 85%
        -: 2728:int updateCoins(int player, struct gameState *state, int bonus)
        -: 2729:{
        -: 2730:  int i;
        -: 2731:
        -: 2732:  //reset coin count
       44: 2733:  state->coins = 0;
        -: 2734:
        -: 2735:  //add coins for each Treasure card in player's hand
      528: 2736:  for (i = 0; i < state->handCount[player]; i++)
branch  0 taken 83%
branch  1 taken 17%
        -: 2737:    {
      220: 2738:      if (state->hand[player][i] == copper)
branch  0 taken 80%
branch  1 taken 20%
        -: 2739:	{
      176: 2740:	  state->coins += 1;
      176: 2741:	}
       44: 2742:      else if (state->hand[player][i] == silver)
branch  0 taken 0%
branch  1 taken 100%
        -: 2743:	{
    #####: 2744:	  state->coins += 2;
    #####: 2745:	}
       44: 2746:      else if (state->hand[player][i] == gold)
branch  0 taken 0%
branch  1 taken 100%
        -: 2747:	{
    #####: 2748:	  state->coins += 3;
    #####: 2749:	}
      220: 2750:    }
        -: 2751:
        -: 2752:  //add bonus
       44: 2753:  state->coins += bonus;
        -: 2754:
       44: 2755:  return 0;
        -: 2756:}
        -: 2757:
        -: 2758:
        -: 2759://end of dominion.c
